PRT1
290
947
4 0 3 (3072 2048 -432 ) (3072 2048 1072 ) (3072 2512 1072 ) (3072 2512 -432 ) 
4 0 1 (3760 2048 1072 ) (3072 2048 1072 ) (3072 2048 -432 ) (3760 2048 -432 ) 
4 1 9 (3072 1024 -432 ) (3072 1024 -192 ) (3072 2048 -192 ) (3072 2048 -432 ) 
4 1 6 (3072 1024 -192 ) (3072 1024 1072 ) (3072 2048 1072 ) (3072 2048 -192 ) 
4 1 2 (3072 1024 1072 ) (3072 1024 -432 ) (3760 1024 -432 ) (3760 1024 1072 ) 
4 2 143 (3760 0 1072 ) (3072 0 1072 ) (3072 0 -432 ) (3760 0 -432 ) 
4 2 14 (3072 0 -432 ) (3072 0 -96 ) (3072 448 -96 ) (3072 448 -432 ) 
4 2 13 (3072 0 -96 ) (3072 0 -80 ) (3072 448 -80 ) (3072 448 -96 ) 
4 2 12 (3072 1024 -192 ) (3072 1024 -432 ) (3072 448 -432 ) (3072 448 -192 ) 
4 2 11 (3072 448 -80 ) (3072 1024 -80 ) (3072 1024 -192 ) (3072 448 -192 ) 
4 2 10 (3072 0 -80 ) (3072 0 1072 ) (3072 1024 1072 ) (3072 1024 -80 ) 
4 3 9 (3072 2048 -432 ) (3072 2048 -192 ) (2048 2048 -192 ) (2048 2048 -432 ) 
4 3 7 (2128 2048 1072 ) (2048 2048 1072 ) (2048 2048 -192 ) (2128 2048 -192 ) 
4 3 6 (3072 2048 -192 ) (3072 2048 1072 ) (2128 2048 1072 ) (2128 2048 -192 ) 
4 3 4 (2048 2048 -432 ) (2048 2048 1072 ) (2048 2512 1072 ) (2048 2512 -432 ) 
4 4 17 (2048 2048 -432 ) (2048 2048 -192 ) (1024 2048 -192 ) (1024 2048 -432 ) 
4 4 16 (2048 2048 -192 ) (2048 2048 -80 ) (1024 2048 -80 ) (1024 2048 -192 ) 
4 4 15 (2048 2048 -80 ) (2048 2048 1072 ) (1024 2048 1072 ) (1024 2048 -80 ) 
4 4 5 (1024 2512 -432 ) (1024 2048 -432 ) (1024 2048 1072 ) (1024 2512 1072 ) 
4 5 109 (0 2048 -432 ) (0 2048 1072 ) (0 2512 1072 ) (0 2512 -432 ) 
4 5 22 (0 2048 -96 ) (0 2048 -432 ) (80 2048 -432 ) (80 2048 -96 ) 
4 5 21 (80 2048 -80 ) (0 2048 -80 ) (0 2048 -96 ) (80 2048 -96 ) 
4 5 20 (1024 2048 -432 ) (1024 2048 -192 ) (80 2048 -192 ) (80 2048 -432 ) 
4 5 19 (1024 2048 -192 ) (1024 2048 -80 ) (80 2048 -80 ) (80 2048 -192 ) 
4 5 18 (1024 2048 -80 ) (1024 2048 1072 ) (0 2048 1072 ) (0 2048 -80 ) 
4 6 11 (3072 1024 -192 ) (3072 1024 -80 ) (2128 1024 -80 ) (2128 1024 -192 ) 
4 6 10 (3072 1024 -80 ) (3072 1024 1072 ) (2128 1024 1072 ) (2128 1024 -80 ) 
4 6 9 (2128 2048 -192 ) (3072 2048 -192 ) (3072 1024 -192 ) (2128 1024 -192 ) 
4 6 8 (2128 1024 -80 ) (2128 1024 1072 ) (2128 1472 1072 ) (2128 1472 -80 ) 
4 6 7 (2128 2048 -192 ) (2128 1472 -192 ) (2128 1472 1072 ) (2128 2048 1072 ) 
4 7 16 (2048 2048 -80 ) (2048 2048 -192 ) (2048 1472 -192 ) (2048 1472 -80 ) 
4 7 15 (2048 2048 1072 ) (2048 2048 -80 ) (2048 1472 -80 ) (2048 1472 1072 ) 
4 7 9 (2048 1472 -192 ) (2048 2048 -192 ) (2128 2048 -192 ) (2128 1472 -192 ) 
4 7 8 (2128 1472 -80 ) (2128 1472 1072 ) (2048 1472 1072 ) (2048 1472 -80 ) 
4 8 15 (2048 1024 -80 ) (2048 1024 1072 ) (2048 1472 1072 ) (2048 1472 -80 ) 
4 8 10 (2128 1024 1072 ) (2048 1024 1072 ) (2048 1024 -80 ) (2128 1024 -80 ) 
4 9 17 (2048 2048 -192 ) (2048 2048 -432 ) (2048 1024 -432 ) (2048 1024 -192 ) 
4 9 12 (3072 1024 -432 ) (3072 1024 -192 ) (2048 1024 -192 ) (2048 1024 -432 ) 
4 10 148 (2128 0 1072 ) (2048 0 1072 ) (2048 0 -80 ) (2128 0 -80 ) 
4 10 147 (3072 0 -80 ) (3072 0 1072 ) (2128 0 1072 ) (2128 0 -80 ) 
4 10 32 (2048 0 -80 ) (2048 0 -48 ) (2048 1024 -48 ) (2048 1024 -80 ) 
4 10 28 (2048 0 -48 ) (2048 0 -16 ) (2048 1024 -16 ) (2048 1024 -48 ) 
4 10 24 (2048 0 -16 ) (2048 0 912 ) (2048 1024 912 ) (2048 1024 -16 ) 
4 10 23 (2048 0 912 ) (2048 0 1072 ) (2048 1024 1072 ) (2048 1024 912 ) 
4 10 13 (3072 0 -80 ) (2128 0 -80 ) (2128 448 -80 ) (3072 448 -80 ) 
4 10 11 (2128 1024 -80 ) (3072 1024 -80 ) (3072 448 -80 ) (2128 448 -80 ) 
4 11 14 (3072 448 -192 ) (3072 448 -96 ) (2128 448 -96 ) (2128 448 -192 ) 
4 11 13 (3072 448 -96 ) (3072 448 -80 ) (2128 448 -80 ) (2128 448 -96 ) 
4 11 12 (3072 448 -192 ) (2128 448 -192 ) (2128 1024 -192 ) (3072 1024 -192 ) 
4 12 36 (2048 448 -432 ) (2048 448 -192 ) (2048 1024 -192 ) (2048 1024 -432 ) 
4 12 14 (3072 448 -432 ) (3072 448 -192 ) (2048 448 -192 ) (2048 448 -432 ) 
4 13 147 (3072 0 -96 ) (3072 0 -80 ) (2128 0 -80 ) (2128 0 -96 ) 
4 13 14 (3072 0 -96 ) (2128 0 -96 ) (2128 448 -96 ) (3072 448 -96 ) 
4 14 150 (3072 0 -432 ) (3072 0 -96 ) (2048 0 -96 ) (2048 0 -432 ) 
4 14 37 (2048 0 -432 ) (2048 0 -96 ) (2048 448 -96 ) (2048 448 -432 ) 
4 15 33 (1856 1024 -48 ) (1568 1024 -48 ) (1568 1024 -80 ) (1856 1024 -80 ) 
4 15 32 (2048 1024 -80 ) (2048 1024 -48 ) (1856 1024 -48 ) (1856 1024 -80 ) 
4 15 35 (1568 1024 -48 ) (1024 1024 -48 ) (1024 1024 -80 ) (1568 1024 -80 ) 
4 15 29 (1840 1024 -16 ) (1584 1024 -16 ) (1584 1024 -48 ) (1840 1024 -48 ) 
4 15 28 (2048 1024 -48 ) (2048 1024 -16 ) (1840 1024 -16 ) (1840 1024 -48 ) 
4 15 31 (1584 1024 -16 ) (1024 1024 -16 ) (1024 1024 -48 ) (1584 1024 -48 ) 
4 15 25 (1808 1024 912 ) (1616 1024 912 ) (1616 1024 -16 ) (1808 1024 -16 ) 
4 15 24 (2048 1024 -16 ) (2048 1024 912 ) (1808 1024 912 ) (1808 1024 -16 ) 
4 15 27 (1616 1024 912 ) (1024 1024 912 ) (1024 1024 -16 ) (1616 1024 -16 ) 
4 15 23 (2048 1024 912 ) (2048 1024 1072 ) (1024 1024 1072 ) (1024 1024 912 ) 
4 15 18 (1024 2048 1072 ) (1024 2048 -80 ) (1024 1024 -80 ) (1024 1024 1072 ) 
4 15 16 (1024 1472 -80 ) (1024 2048 -80 ) (2048 2048 -80 ) (2048 1472 -80 ) 
4 16 19 (1024 2048 -80 ) (1024 2048 -192 ) (1024 1472 -192 ) (1024 1472 -80 ) 
4 16 17 (1024 1472 -192 ) (1024 2048 -192 ) (2048 2048 -192 ) (2048 1472 -192 ) 
4 17 36 (2048 1024 -432 ) (2048 1024 -192 ) (1024 1024 -192 ) (1024 1024 -432 ) 
4 17 20 (1024 2048 -192 ) (1024 2048 -432 ) (1024 1024 -432 ) (1024 1024 -192 ) 
4 18 112 (0 1024 -80 ) (0 1024 1072 ) (0 1472 1072 ) (0 1472 -80 ) 
4 18 111 (0 1472 1072 ) (0 2048 1072 ) (0 2048 -80 ) (0 1472 -80 ) 
4 18 86 (0 1024 224 ) (0 1024 -80 ) (80 1024 -80 ) (80 1024 224 ) 
4 18 79 (208 1024 -80 ) (224 1024 -80 ) (224 1024 224 ) (208 1024 224 ) 
4 18 82 (80 1024 -80 ) (208 1024 -80 ) (208 1024 224 ) (80 1024 224 ) 
4 18 77 (0 1024 272 ) (0 1024 224 ) (64 1024 224 ) (64 1024 272 ) 
4 18 76 (64 1024 224 ) (80 1024 224 ) (80 1024 272 ) (64 1024 272 ) 
4 18 74 (80 1024 224 ) (224 1024 224 ) (224 1024 272 ) (80 1024 272 ) 
4 18 73 (224 1024 1072 ) (0 1024 1072 ) (0 1024 272 ) (224 1024 272 ) 
4 18 58 (224 1024 -32 ) (224 1024 -80 ) (496 1024 -80 ) (496 1024 -32 ) 
4 18 56 (224 1024 -16 ) (224 1024 -32 ) (496 1024 -32 ) (496 1024 -16 ) 
4 18 55 (224 1024 0 ) (224 1024 -16 ) (496 1024 -16 ) (496 1024 0 ) 
4 18 54 (496 1024 1072 ) (224 1024 1072 ) (224 1024 0 ) (496 1024 0 ) 
4 18 52 (496 1024 128 ) (496 1024 -80 ) (512 1024 -80 ) (512 1024 128 ) 
4 18 51 (512 1024 1072 ) (496 1024 1072 ) (496 1024 128 ) (512 1024 128 ) 
4 18 48 (896 1024 -48 ) (608 1024 -48 ) (608 1024 -80 ) (896 1024 -80 ) 
4 18 47 (1024 1024 -80 ) (1024 1024 -48 ) (896 1024 -48 ) (896 1024 -80 ) 
4 18 50 (608 1024 -48 ) (512 1024 -48 ) (512 1024 -80 ) (608 1024 -80 ) 
4 18 44 (880 1024 -16 ) (624 1024 -16 ) (624 1024 -48 ) (880 1024 -48 ) 
4 18 43 (1024 1024 -48 ) (1024 1024 -16 ) (880 1024 -16 ) (880 1024 -48 ) 
4 18 46 (624 1024 -16 ) (512 1024 -16 ) (512 1024 -48 ) (624 1024 -48 ) 
4 18 39 (848 1024 1072 ) (656 1024 1072 ) (656 1024 -16 ) (848 1024 -16 ) 
4 18 38 (1024 1024 -16 ) (1024 1024 1072 ) (848 1024 1072 ) (848 1024 -16 ) 
4 18 42 (656 1024 1072 ) (512 1024 1072 ) (512 1024 -16 ) (656 1024 -16 ) 
4 18 21 (0 1472 -80 ) (0 2048 -80 ) (80 2048 -80 ) (80 1472 -80 ) 
4 18 19 (1024 2048 -80 ) (1024 1472 -80 ) (80 1472 -80 ) (80 2048 -80 ) 
4 19 22 (80 2048 -96 ) (80 2048 -192 ) (80 1472 -192 ) (80 1472 -96 ) 
4 19 21 (80 1472 -80 ) (80 2048 -80 ) (80 2048 -96 ) (80 1472 -96 ) 
4 19 20 (80 1472 -192 ) (80 2048 -192 ) (1024 2048 -192 ) (1024 1472 -192 ) 
4 20 105 (1024 1024 -432 ) (1024 1024 -192 ) (80 1024 -192 ) (80 1024 -432 ) 
4 20 22 (80 2048 -192 ) (80 2048 -432 ) (80 1024 -432 ) (80 1024 -192 ) 
4 21 111 (0 1472 -80 ) (0 2048 -80 ) (0 2048 -96 ) (0 1472 -96 ) 
4 21 22 (80 2048 -96 ) (80 1472 -96 ) (0 1472 -96 ) (0 2048 -96 ) 
4 22 114 (0 1024 -432 ) (0 1024 -96 ) (0 2048 -96 ) (0 2048 -432 ) 
4 22 108 (80 1024 -432 ) (80 1024 -96 ) (0 1024 -96 ) (0 1024 -432 ) 
4 23 152 (2048 0 912 ) (2048 0 1072 ) (1024 0 1072 ) (1024 0 912 ) 
4 23 38 (1024 1024 1072 ) (1024 1024 912 ) (1024 0 912 ) (1024 0 1072 ) 
4 23 25 (1616 1024 912 ) (1808 1024 912 ) (1808 816 912 ) (1616 816 912 ) 
4 23 26 (1808 624 912 ) (1808 0 912 ) (1616 0 912 ) (1616 624 912 ) 
4 23 24 (1808 1024 912 ) (2048 1024 912 ) (2048 0 912 ) (1808 0 912 ) 
4 23 27 (1024 1024 912 ) (1616 1024 912 ) (1616 0 912 ) (1024 0 912 ) 
4 24 152 (2048 0 -16 ) (2048 0 912 ) (1808 0 912 ) (1808 0 -16 ) 
4 24 29 (1808 848 -16 ) (1808 1024 -16 ) (1840 1024 -16 ) (1840 848 -16 ) 
4 24 30 (1840 0 -16 ) (1808 0 -16 ) (1808 592 -16 ) (1840 592 -16 ) 
4 24 28 (2048 0 -16 ) (1840 0 -16 ) (1840 1024 -16 ) (2048 1024 -16 ) 
4 24 25 (1808 1024 -16 ) (1808 816 -16 ) (1808 816 912 ) (1808 1024 912 ) 
4 24 26 (1808 624 -16 ) (1808 0 -16 ) (1808 0 912 ) (1808 624 912 ) 
4 25 29 (1616 848 -16 ) (1616 1024 -16 ) (1808 1024 -16 ) (1808 848 -16 ) 
4 25 27 (1616 1024 -16 ) (1616 816 -16 ) (1616 816 912 ) (1616 1024 912 ) 
4 26 152 (1808 0 912 ) (1616 0 912 ) (1616 0 -16 ) (1808 0 -16 ) 
4 26 30 (1808 0 -16 ) (1616 0 -16 ) (1616 592 -16 ) (1808 592 -16 ) 
4 26 27 (1616 624 -16 ) (1616 0 -16 ) (1616 0 912 ) (1616 624 912 ) 
4 27 152 (1616 0 912 ) (1024 0 912 ) (1024 0 -16 ) (1616 0 -16 ) 
4 27 38 (1024 1024 912 ) (1024 1024 -16 ) (1024 0 -16 ) (1024 0 912 ) 
4 27 29 (1584 848 -16 ) (1584 1024 -16 ) (1616 1024 -16 ) (1616 848 -16 ) 
4 27 30 (1616 0 -16 ) (1584 0 -16 ) (1584 592 -16 ) (1616 592 -16 ) 
4 27 31 (1584 0 -16 ) (1024 0 -16 ) (1024 1024 -16 ) (1584 1024 -16 ) 
4 28 152 (2048 0 -48 ) (2048 0 -16 ) (1840 0 -16 ) (1840 0 -48 ) 
4 28 33 (1840 1024 -48 ) (1856 1024 -48 ) (1856 864 -48 ) (1840 864 -48 ) 
4 28 34 (1856 576 -48 ) (1856 0 -48 ) (1840 0 -48 ) (1840 576 -48 ) 
4 28 32 (1856 1024 -48 ) (2048 1024 -48 ) (2048 0 -48 ) (1856 0 -48 ) 
4 28 29 (1840 1024 -48 ) (1840 848 -48 ) (1840 848 -16 ) (1840 1024 -16 ) 
4 28 30 (1840 592 -48 ) (1840 0 -48 ) (1840 0 -16 ) (1840 592 -16 ) 
4 29 33 (1584 1024 -48 ) (1840 1024 -48 ) (1840 864 -48 ) (1584 864 -48 ) 
4 29 31 (1584 1024 -48 ) (1584 848 -48 ) (1584 848 -16 ) (1584 1024 -16 ) 
4 30 152 (1840 0 -16 ) (1584 0 -16 ) (1584 0 -48 ) (1840 0 -48 ) 
4 30 34 (1840 576 -48 ) (1840 0 -48 ) (1584 0 -48 ) (1584 576 -48 ) 
4 30 31 (1584 592 -48 ) (1584 0 -48 ) (1584 0 -16 ) (1584 592 -16 ) 
4 31 152 (1584 0 -16 ) (1024 0 -16 ) (1024 0 -48 ) (1584 0 -48 ) 
4 31 43 (1024 1024 -16 ) (1024 1024 -48 ) (1024 0 -48 ) (1024 0 -16 ) 
4 31 33 (1568 1024 -48 ) (1584 1024 -48 ) (1584 864 -48 ) (1568 864 -48 ) 
4 31 34 (1584 576 -48 ) (1584 0 -48 ) (1568 0 -48 ) (1568 576 -48 ) 
4 31 35 (1024 1024 -48 ) (1568 1024 -48 ) (1568 0 -48 ) (1024 0 -48 ) 
4 32 152 (2048 0 -80 ) (2048 0 -48 ) (1856 0 -48 ) (1856 0 -80 ) 
4 32 33 (1856 1024 -80 ) (1856 864 -80 ) (1856 864 -48 ) (1856 1024 -48 ) 
4 32 34 (1856 576 -80 ) (1856 0 -80 ) (1856 0 -48 ) (1856 576 -48 ) 
4 33 35 (1568 1024 -80 ) (1568 864 -80 ) (1568 864 -48 ) (1568 1024 -48 ) 
4 34 152 (1856 0 -48 ) (1568 0 -48 ) (1568 0 -80 ) (1856 0 -80 ) 
4 34 35 (1568 576 -80 ) (1568 0 -80 ) (1568 0 -48 ) (1568 576 -48 ) 
4 35 152 (1568 0 -48 ) (1024 0 -48 ) (1024 0 -80 ) (1568 0 -80 ) 
4 35 47 (1024 1024 -48 ) (1024 1024 -80 ) (1024 0 -80 ) (1024 0 -48 ) 
4 36 105 (1024 1024 -192 ) (1024 1024 -432 ) (1024 448 -432 ) (1024 448 -192 ) 
4 36 37 (1024 448 -192 ) (1024 448 -432 ) (2048 448 -432 ) (2048 448 -192 ) 
4 37 154 (2048 0 -432 ) (2048 0 -96 ) (1024 0 -96 ) (1024 0 -432 ) 
4 37 106 (1024 0 -432 ) (1024 0 -96 ) (1024 448 -96 ) (1024 448 -432 ) 
4 38 174 (1024 0 -16 ) (1024 0 80 ) (848 0 80 ) (848 0 -16 ) 
4 38 167 (1024 0 80 ) (1024 0 128 ) (848 0 128 ) (848 0 80 ) 
4 38 156 (1024 0 128 ) (1024 0 224 ) (848 0 224 ) (848 0 128 ) 
4 38 155 (1024 0 224 ) (1024 0 1072 ) (848 0 1072 ) (848 0 224 ) 
4 38 44 (848 1024 -16 ) (880 1024 -16 ) (880 848 -16 ) (848 848 -16 ) 
4 38 45 (880 592 -16 ) (880 0 -16 ) (848 0 -16 ) (848 592 -16 ) 
4 38 43 (880 1024 -16 ) (1024 1024 -16 ) (1024 0 -16 ) (880 0 -16 ) 
4 38 40 (848 624 912 ) (848 624 1072 ) (848 816 1072 ) (848 816 912 ) 
4 38 39 (848 1024 -16 ) (848 816 -16 ) (848 816 1072 ) (848 1024 1072 ) 
4 38 41 (848 624 -16 ) (848 0 -16 ) (848 0 1072 ) (848 624 1072 ) 
4 39 44 (656 1024 -16 ) (848 1024 -16 ) (848 848 -16 ) (656 848 -16 ) 
4 39 40 (656 816 1072 ) (656 816 912 ) (848 816 912 ) (848 816 1072 ) 
4 39 42 (656 1024 -16 ) (656 816 -16 ) (656 816 1072 ) (656 1024 1072 ) 
4 40 42 (656 624 912 ) (656 624 1072 ) (656 816 1072 ) (656 816 912 ) 
4 40 41 (656 624 1072 ) (656 624 912 ) (848 624 912 ) (848 624 1072 ) 
4 41 174 (656 0 80 ) (656 0 -16 ) (848 0 -16 ) (848 0 80 ) 
4 41 167 (656 0 128 ) (656 0 80 ) (848 0 80 ) (848 0 128 ) 
4 41 156 (656 0 224 ) (656 0 128 ) (848 0 128 ) (848 0 224 ) 
4 41 155 (848 0 1072 ) (656 0 1072 ) (656 0 224 ) (848 0 224 ) 
4 41 45 (848 592 -16 ) (848 0 -16 ) (656 0 -16 ) (656 592 -16 ) 
4 41 42 (656 624 -16 ) (656 0 -16 ) (656 0 1072 ) (656 624 1072 ) 
4 42 174 (512 0 80 ) (512 0 -16 ) (656 0 -16 ) (656 0 80 ) 
4 42 167 (512 0 128 ) (512 0 80 ) (656 0 80 ) (656 0 128 ) 
4 42 156 (512 0 224 ) (512 0 128 ) (656 0 128 ) (656 0 224 ) 
4 42 155 (656 0 1072 ) (512 0 1072 ) (512 0 224 ) (656 0 224 ) 
3 42 53 (512 336 -16 ) (512 192 128 ) (512 336 128 ) 
4 42 52 (512 1024 128 ) (512 1024 -16 ) (512 336 -16 ) (512 336 128 ) 
4 42 51 (512 1024 1072 ) (512 1024 128 ) (512 0 128 ) (512 0 1072 ) 
4 42 44 (624 1024 -16 ) (656 1024 -16 ) (656 848 -16 ) (624 848 -16 ) 
4 42 45 (656 592 -16 ) (656 0 -16 ) (624 0 -16 ) (624 592 -16 ) 
4 42 46 (512 0 -16 ) (512 1024 -16 ) (624 1024 -16 ) (624 0 -16 ) 
4 43 174 (1024 0 -48 ) (1024 0 -16 ) (880 0 -16 ) (880 0 -48 ) 
4 43 48 (880 864 -48 ) (880 1024 -48 ) (896 1024 -48 ) (896 864 -48 ) 
4 43 49 (896 0 -48 ) (880 0 -48 ) (880 576 -48 ) (896 576 -48 ) 
4 43 47 (1024 0 -48 ) (896 0 -48 ) (896 1024 -48 ) (1024 1024 -48 ) 
4 43 44 (880 1024 -48 ) (880 848 -48 ) (880 848 -16 ) (880 1024 -16 ) 
4 43 45 (880 592 -48 ) (880 0 -48 ) (880 0 -16 ) (880 592 -16 ) 
4 44 48 (624 864 -48 ) (624 1024 -48 ) (880 1024 -48 ) (880 864 -48 ) 
4 44 46 (624 1024 -48 ) (624 848 -48 ) (624 848 -16 ) (624 1024 -16 ) 
4 45 174 (880 0 -16 ) (624 0 -16 ) (624 0 -48 ) (880 0 -48 ) 
4 45 49 (880 0 -48 ) (624 0 -48 ) (624 576 -48 ) (880 576 -48 ) 
4 45 46 (624 592 -48 ) (624 0 -48 ) (624 0 -16 ) (624 592 -16 ) 
4 46 174 (624 0 -16 ) (512 0 -16 ) (512 0 -48 ) (624 0 -48 ) 
4 46 52 (512 1024 -16 ) (512 1024 -48 ) (512 336 -48 ) (512 336 -16 ) 
4 46 48 (608 864 -48 ) (608 1024 -48 ) (624 1024 -48 ) (624 864 -48 ) 
4 46 49 (624 0 -48 ) (608 0 -48 ) (608 576 -48 ) (624 576 -48 ) 
4 46 50 (608 0 -48 ) (512 0 -48 ) (512 1024 -48 ) (608 1024 -48 ) 
4 47 174 (1024 0 -80 ) (1024 0 -48 ) (896 0 -48 ) (896 0 -80 ) 
4 47 48 (896 1024 -80 ) (896 864 -80 ) (896 864 -48 ) (896 1024 -48 ) 
4 47 49 (896 576 -80 ) (896 0 -80 ) (896 0 -48 ) (896 576 -48 ) 
4 48 50 (608 1024 -80 ) (608 864 -80 ) (608 864 -48 ) (608 1024 -48 ) 
4 49 174 (896 0 -48 ) (608 0 -48 ) (608 0 -80 ) (896 0 -80 ) 
4 49 50 (608 576 -80 ) (608 0 -80 ) (608 0 -48 ) (608 576 -48 ) 
4 50 174 (608 0 -48 ) (512 0 -48 ) (512 0 -80 ) (608 0 -80 ) 
4 50 52 (512 1024 -48 ) (512 1024 -80 ) (512 336 -80 ) (512 336 -48 ) 
4 51 156 (496 0 224 ) (496 0 128 ) (512 0 128 ) (512 0 224 ) 
4 51 155 (496 0 1072 ) (496 0 224 ) (512 0 224 ) (512 0 1072 ) 
4 51 72 (496 0 128 ) (496 0 1072 ) (496 192 1072 ) (496 192 128 ) 
4 51 69 (496 192 1072 ) (496 208 1072 ) (496 208 128 ) (496 192 128 ) 
4 51 68 (496 208 1072 ) (496 224 1072 ) (496 224 128 ) (496 208 128 ) 
4 51 64 (496 224 1072 ) (496 256 1072 ) (496 256 128 ) (496 224 128 ) 
4 51 54 (496 256 1072 ) (496 1024 1072 ) (496 1024 128 ) (496 256 128 ) 
4 51 53 (496 192 128 ) (496 336 128 ) (512 336 128 ) (512 192 128 ) 
4 51 52 (496 336 128 ) (496 1024 128 ) (512 1024 128 ) (512 336 128 ) 
4 52 58 (496 1024 -80 ) (496 336 -80 ) (496 336 -32 ) (496 1024 -32 ) 
4 52 56 (496 336 -32 ) (496 336 -16 ) (496 1024 -16 ) (496 1024 -32 ) 
4 52 55 (496 336 -16 ) (496 336 0 ) (496 1024 0 ) (496 1024 -16 ) 
4 52 54 (496 336 0 ) (496 336 128 ) (496 1024 128 ) (496 1024 0 ) 
4 52 53 (512 336 -16 ) (512 336 128 ) (496 336 128 ) (496 336 -16 ) 
3 53 69 (496 192 128 ) (496 208 128 ) (496 208 112 ) 
4 53 68 (496 208 128 ) (496 224 128 ) (496 224 96 ) (496 208 112 ) 
4 53 64 (496 224 128 ) (496 256 128 ) (496 256 64 ) (496 224 96 ) 
3 53 55 (496 336 0 ) (496 336 -16 ) (496 320 0 ) 
5 53 54 (496 256 128 ) (496 336 128 ) (496 336 0 ) (496 320 0 ) (496 256 64 ) 
5 54 80 (224 336 0 ) (224 272 0 ) (224 256 16 ) (224 256 224 ) (224 336 224 ) 
4 54 79 (224 1024 224 ) (224 1024 0 ) (224 336 0 ) (224 336 224 ) 
4 54 74 (224 1024 272 ) (224 1024 224 ) (224 256 224 ) (224 256 272 ) 
4 54 73 (224 1024 1072 ) (224 1024 272 ) (224 256 272 ) (224 256 1072 ) 
4 54 65 (224 256 32 ) (224 256 16 ) (496 256 16 ) (496 256 32 ) 
4 54 64 (224 256 1072 ) (224 256 32 ) (496 256 32 ) (496 256 1072 ) 
4 54 55 (224 272 0 ) (224 1024 0 ) (496 1024 0 ) (496 272 0 ) 
4 55 80 (224 336 -16 ) (224 288 -16 ) (224 272 0 ) (224 336 0 ) 
4 55 79 (224 1024 0 ) (224 1024 -16 ) (224 336 -16 ) (224 336 0 ) 
4 55 56 (224 288 -16 ) (224 1024 -16 ) (496 1024 -16 ) (496 288 -16 ) 
4 56 80 (224 336 -32 ) (224 304 -32 ) (224 288 -16 ) (224 336 -16 ) 
4 56 79 (224 1024 -16 ) (224 1024 -32 ) (224 336 -32 ) (224 336 -16 ) 
4 56 60 (224 304 -32 ) (224 320 -32 ) (496 320 -32 ) (496 304 -32 ) 
4 56 59 (224 320 -32 ) (224 336 -32 ) (496 336 -32 ) (496 320 -32 ) 
4 56 58 (224 336 -32 ) (224 1024 -32 ) (496 1024 -32 ) (496 336 -32 ) 
3 57 81 (224 272 -32 ) (224 256 -32 ) (224 256 -16 ) 
4 57 66 (224 256 -16 ) (224 256 -32 ) (496 256 -32 ) (496 256 -16 ) 
4 57 63 (496 256 -32 ) (224 256 -32 ) (224 272 -32 ) (496 272 -32 ) 
4 58 79 (224 1024 -32 ) (224 1024 -80 ) (224 336 -80 ) (224 336 -32 ) 
4 58 59 (496 336 -64 ) (496 336 -32 ) (224 336 -32 ) (224 336 -64 ) 
4 59 80 (224 320 -48 ) (224 320 -32 ) (224 336 -32 ) (224 336 -64 ) 
4 59 60 (496 320 -48 ) (496 320 -32 ) (224 320 -32 ) (224 320 -48 ) 
3 60 80 (224 304 -32 ) (224 320 -32 ) (224 320 -48 ) 
3 61 81 (224 320 -80 ) (224 304 -80 ) (224 304 -64 ) 
4 61 62 (496 304 -80 ) (496 304 -64 ) (224 304 -64 ) (224 304 -80 ) 
4 62 81 (224 304 -80 ) (224 288 -80 ) (224 288 -48 ) (224 304 -64 ) 
4 62 63 (496 288 -80 ) (496 288 -48 ) (224 288 -48 ) (224 288 -80 ) 
5 63 81 (224 288 -80 ) (224 256 -80 ) (224 256 -32 ) (224 272 -32 ) (224 288 -48 ) 
4 63 66 (224 256 -32 ) (224 256 -80 ) (496 256 -80 ) (496 256 -32 ) 
5 64 80 (224 224 48 ) (224 224 224 ) (224 256 224 ) (224 256 32 ) (224 240 32 ) 
4 64 74 (224 224 224 ) (224 224 272 ) (224 256 272 ) (224 256 224 ) 
4 64 73 (224 224 272 ) (224 224 1072 ) (224 256 1072 ) (224 256 272 ) 
4 64 68 (224 224 1072 ) (224 224 48 ) (496 224 48 ) (496 224 1072 ) 
4 64 65 (224 240 32 ) (224 256 32 ) (496 256 32 ) (496 240 32 ) 
3 65 80 (224 240 32 ) (224 256 32 ) (224 256 16 ) 
4 66 81 (224 256 -80 ) (224 240 -80 ) (224 240 0 ) (224 256 -16 ) 
4 66 67 (496 240 -80 ) (496 240 0 ) (224 240 0 ) (224 240 -80 ) 
4 67 81 (224 240 -80 ) (224 224 -80 ) (224 224 16 ) (224 240 0 ) 
4 67 70 (224 224 16 ) (224 224 -80 ) (496 224 -80 ) (496 224 16 ) 
4 68 80 (224 224 224 ) (224 224 48 ) (224 208 64 ) (224 208 224 ) 
4 68 74 (224 224 272 ) (224 224 224 ) (224 208 224 ) (224 208 272 ) 
4 68 73 (224 208 1072 ) (224 224 1072 ) (224 224 272 ) (224 208 272 ) 
4 68 69 (496 208 64 ) (496 208 1072 ) (224 208 1072 ) (224 208 64 ) 
4 69 80 (224 192 80 ) (224 192 224 ) (224 208 224 ) (224 208 64 ) 
4 69 74 (224 192 224 ) (224 192 272 ) (224 208 272 ) (224 208 224 ) 
4 69 73 (224 192 272 ) (224 192 1072 ) (224 208 1072 ) (224 208 272 ) 
4 69 72 (224 192 1072 ) (224 192 80 ) (496 192 80 ) (496 192 1072 ) 
4 70 81 (224 224 -80 ) (224 208 -80 ) (224 208 32 ) (224 224 16 ) 
4 70 71 (496 208 -80 ) (496 208 32 ) (224 208 32 ) (224 208 -80 ) 
4 71 81 (224 208 -80 ) (224 192 -80 ) (224 192 48 ) (224 208 32 ) 
4 72 168 (224 0 128 ) (224 0 80 ) (496 0 80 ) (496 0 128 ) 
4 72 156 (224 0 224 ) (224 0 128 ) (496 0 128 ) (496 0 224 ) 
4 72 155 (224 0 1072 ) (224 0 224 ) (496 0 224 ) (496 0 1072 ) 
4 72 91 (224 0 96 ) (224 0 128 ) (224 176 128 ) (224 176 96 ) 
4 72 89 (224 0 128 ) (224 0 144 ) (224 176 144 ) (224 176 128 ) 
4 72 88 (224 0 144 ) (224 0 160 ) (224 176 160 ) (224 176 144 ) 
4 72 87 (224 0 160 ) (224 0 1072 ) (224 176 1072 ) (224 176 160 ) 
4 72 83 (224 192 224 ) (224 192 96 ) (224 176 96 ) (224 176 224 ) 
4 72 75 (224 192 272 ) (224 192 224 ) (224 176 224 ) (224 176 272 ) 
4 72 73 (224 176 1072 ) (224 192 1072 ) (224 192 272 ) (224 176 272 ) 
4 73 116 (0 1024 1072 ) (0 1024 272 ) (0 176 272 ) (0 176 1072 ) 
4 73 97 (144 176 1072 ) (0 176 1072 ) (0 176 272 ) (144 176 272 ) 
4 73 87 (224 176 272 ) (224 176 1072 ) (144 176 1072 ) (144 176 272 ) 
4 73 78 (64 176 272 ) (0 176 272 ) (0 576 272 ) (64 512 272 ) 
4 73 77 (0 592 272 ) (0 1024 272 ) (64 1024 272 ) (64 528 272 ) 
4 73 76 (64 528 272 ) (64 1024 272 ) (80 1024 272 ) (80 512 272 ) 
4 73 75 (224 176 272 ) (80 176 272 ) (80 192 272 ) (224 192 272 ) 
4 73 74 (80 192 272 ) (80 1024 272 ) (224 1024 272 ) (224 192 272 ) 
4 74 80 (224 336 224 ) (224 192 224 ) (208 192 224 ) (208 336 224 ) 
4 74 79 (208 1024 224 ) (224 1024 224 ) (224 336 224 ) (208 336 224 ) 
4 74 82 (80 192 224 ) (80 1024 224 ) (208 1024 224 ) (208 192 224 ) 
4 74 76 (80 1024 224 ) (80 512 224 ) (80 512 272 ) (80 1024 272 ) 
5 74 75 (80 192 272 ) (80 192 240 ) (96 192 224 ) (224 192 224 ) (224 192 272 ) 
5 75 97 (144 176 272 ) (80 176 272 ) (80 176 240 ) (96 176 224 ) (144 176 224 ) 
4 75 87 (224 176 224 ) (224 176 272 ) (144 176 272 ) (144 176 224 ) 
4 75 83 (224 176 224 ) (96 176 224 ) (96 192 224 ) (224 192 224 ) 
4 76 86 (64 528 224 ) (64 1024 224 ) (80 1024 224 ) (80 512 224 ) 
4 76 77 (64 1024 224 ) (64 528 224 ) (64 528 272 ) (64 1024 272 ) 
4 77 117 (0 1024 272 ) (0 1024 224 ) (0 592 224 ) (0 592 272 ) 
4 77 86 (0 592 224 ) (0 1024 224 ) (64 1024 224 ) (64 528 224 ) 
4 78 118 (0 576 224 ) (0 176 224 ) (0 176 272 ) (0 576 272 ) 
4 78 97 (64 176 272 ) (0 176 272 ) (0 176 224 ) (64 176 224 ) 
4 79 80 (208 336 224 ) (208 336 -64 ) (224 336 -64 ) (224 336 224 ) 
4 79 82 (208 1024 -80 ) (208 336 -80 ) (208 336 224 ) (208 1024 224 ) 
4 80 83 (224 192 96 ) (224 192 224 ) (208 192 224 ) (208 192 112 ) 
4 80 82 (208 192 80 ) (208 192 224 ) (208 336 224 ) (208 336 -64 ) 
4 81 85 (208 192 -80 ) (224 192 -80 ) (224 192 48 ) (208 192 48 ) 
3 81 82 (208 320 -80 ) (208 192 -80 ) (208 192 48 ) 
4 82 86 (80 1024 -80 ) (80 512 -80 ) (80 512 224 ) (80 1024 224 ) 
3 82 84 (80 192 208 ) (80 192 80 ) (208 192 80 ) 
3 82 83 (208 192 112 ) (208 192 224 ) (96 192 224 ) 
4 82 85 (80 192 80 ) (80 192 -80 ) (208 192 -80 ) (208 192 80 ) 
3 83 102 (112 176 224 ) (96 176 224 ) (112 176 208 ) 
4 83 100 (128 176 224 ) (112 176 224 ) (112 176 208 ) (128 176 192 ) 
4 83 98 (144 176 224 ) (128 176 224 ) (128 176 192 ) (144 176 176 ) 
3 83 93 (208 176 128 ) (192 176 128 ) (208 176 112 ) 
4 83 91 (224 176 96 ) (224 176 128 ) (208 176 128 ) (208 176 112 ) 
4 83 89 (224 176 128 ) (224 176 144 ) (176 176 144 ) (192 176 128 ) 
4 83 88 (224 176 144 ) (224 176 160 ) (160 176 160 ) (176 176 144 ) 
5 83 87 (224 176 160 ) (224 176 224 ) (144 176 224 ) (144 176 176 ) (160 176 160 ) 
4 84 104 (80 176 208 ) (80 176 80 ) (96 176 80 ) (96 176 192 ) 
4 84 103 (96 176 80 ) (112 176 80 ) (112 176 176 ) (96 176 192 ) 
4 84 101 (112 176 80 ) (128 176 80 ) (128 176 160 ) (112 176 176 ) 
4 84 99 (128 176 80 ) (144 176 80 ) (144 176 144 ) (128 176 160 ) 
4 84 95 (176 176 80 ) (192 176 80 ) (192 176 96 ) (176 176 112 ) 
5 84 96 (144 176 80 ) (176 176 80 ) (176 176 112 ) (160 176 128 ) (144 176 128 ) 
3 84 94 (192 176 80 ) (208 176 80 ) (192 176 96 ) 
3 84 90 (160 176 128 ) (144 176 144 ) (144 176 128 ) 
4 84 85 (208 176 80 ) (80 176 80 ) (80 192 80 ) (208 192 80 ) 
4 85 104 (80 176 -80 ) (96 176 -80 ) (96 176 80 ) (80 176 80 ) 
4 85 103 (96 176 -80 ) (112 176 -80 ) (112 176 80 ) (96 176 80 ) 
4 85 101 (112 176 -80 ) (128 176 -80 ) (128 176 80 ) (112 176 80 ) 
4 85 99 (128 176 -80 ) (144 176 -80 ) (144 176 80 ) (128 176 80 ) 
4 85 95 (176 176 -80 ) (192 176 -80 ) (192 176 80 ) (176 176 80 ) 
4 85 96 (144 176 -80 ) (176 176 -80 ) (176 176 80 ) (144 176 80 ) 
4 85 94 (192 176 -80 ) (208 176 -80 ) (208 176 80 ) (192 176 80 ) 
4 85 92 (208 176 -80 ) (224 176 -80 ) (224 176 80 ) (208 176 80 ) 
4 86 129 (0 1024 224 ) (0 1024 -80 ) (0 592 -80 ) (0 592 224 ) 
4 87 158 (144 0 224 ) (144 0 160 ) (160 0 160 ) (160 0 224 ) 
4 87 157 (160 0 160 ) (176 0 160 ) (176 0 224 ) (160 0 224 ) 
4 87 156 (176 0 160 ) (224 0 160 ) (224 0 224 ) (176 0 224 ) 
4 87 155 (144 0 1072 ) (144 0 224 ) (224 0 224 ) (224 0 1072 ) 
4 87 98 (144 176 224 ) (144 176 176 ) (144 0 176 ) (144 0 224 ) 
4 87 97 (144 176 1072 ) (144 176 224 ) (144 0 224 ) (144 0 1072 ) 
4 87 88 (160 176 160 ) (224 176 160 ) (224 0 160 ) (160 0 160 ) 
4 88 157 (160 0 144 ) (176 0 144 ) (176 0 160 ) (160 0 160 ) 
4 88 156 (176 0 144 ) (224 0 144 ) (224 0 160 ) (176 0 160 ) 
4 88 89 (176 176 144 ) (224 176 144 ) (224 0 144 ) (176 0 144 ) 
4 89 156 (176 0 128 ) (224 0 128 ) (224 0 144 ) (176 0 144 ) 
4 89 93 (192 176 128 ) (208 176 128 ) (208 0 128 ) (192 0 128 ) 
4 89 91 (208 176 128 ) (224 176 128 ) (224 0 128 ) (208 0 128 ) 
4 90 159 (144 0 144 ) (144 0 128 ) (160 0 128 ) (160 0 144 ) 
4 90 99 (144 176 144 ) (144 176 128 ) (144 0 128 ) (144 0 144 ) 
4 90 96 (144 0 128 ) (144 176 128 ) (160 176 128 ) (160 0 128 ) 
4 91 169 (224 0 96 ) (224 0 128 ) (208 0 128 ) (208 0 96 ) 
4 91 93 (208 0 128 ) (208 176 128 ) (208 176 112 ) (208 0 112 ) 
4 92 175 (208 0 -80 ) (224 0 -80 ) (224 0 80 ) (208 0 80 ) 
4 92 94 (208 176 80 ) (208 176 -80 ) (208 0 -80 ) (208 0 80 ) 
4 93 170 (208 0 112 ) (208 0 128 ) (192 0 128 ) (192 0 112 ) 
4 94 175 (192 0 -80 ) (208 0 -80 ) (208 0 80 ) (192 0 80 ) 
4 94 171 (208 0 80 ) (208 0 96 ) (192 0 96 ) (192 0 80 ) 
4 94 95 (192 176 96 ) (192 176 -80 ) (192 0 -80 ) (192 0 96 ) 
4 95 175 (176 0 -80 ) (192 0 -80 ) (192 0 80 ) (176 0 80 ) 
4 95 172 (192 0 80 ) (192 0 112 ) (176 0 112 ) (176 0 80 ) 
4 95 96 (176 176 112 ) (176 176 -80 ) (176 0 -80 ) (176 0 112 ) 
4 96 175 (144 0 80 ) (144 0 -80 ) (176 0 -80 ) (176 0 80 ) 
4 96 173 (144 0 128 ) (144 0 80 ) (176 0 80 ) (176 0 128 ) 
4 96 99 (144 176 128 ) (144 176 -80 ) (144 0 -80 ) (144 0 128 ) 
4 97 155 (0 0 1072 ) (0 0 224 ) (144 0 224 ) (144 0 1072 ) 
4 97 118 (0 0 224 ) (0 0 272 ) (0 176 272 ) (0 176 224 ) 
4 97 116 (0 0 272 ) (0 0 1072 ) (0 176 1072 ) (0 176 272 ) 
4 97 102 (96 176 224 ) (112 176 224 ) (112 0 224 ) (96 0 224 ) 
4 97 100 (112 176 224 ) (128 176 224 ) (128 0 224 ) (112 0 224 ) 
4 97 98 (128 176 224 ) (144 176 224 ) (144 0 224 ) (128 0 224 ) 
4 98 160 (144 0 176 ) (144 0 224 ) (128 0 224 ) (128 0 176 ) 
4 98 100 (128 0 224 ) (128 176 224 ) (128 176 192 ) (128 0 192 ) 
4 99 175 (128 0 -80 ) (144 0 -80 ) (144 0 80 ) (128 0 80 ) 
4 99 173 (144 0 80 ) (144 0 128 ) (128 0 128 ) (128 0 80 ) 
4 99 161 (144 0 128 ) (144 0 160 ) (128 0 160 ) (128 0 128 ) 
4 99 101 (128 176 160 ) (128 176 -80 ) (128 0 -80 ) (128 0 160 ) 
4 100 162 (128 0 192 ) (128 0 224 ) (112 0 224 ) (112 0 192 ) 
4 100 102 (112 0 224 ) (112 176 224 ) (112 176 208 ) (112 0 208 ) 
4 101 175 (112 0 -80 ) (128 0 -80 ) (128 0 80 ) (112 0 80 ) 
4 101 173 (128 0 80 ) (128 0 128 ) (112 0 128 ) (112 0 80 ) 
4 101 163 (128 0 128 ) (128 0 176 ) (112 0 176 ) (112 0 128 ) 
4 101 103 (112 176 176 ) (112 176 -80 ) (112 0 -80 ) (112 0 176 ) 
4 102 164 (112 0 208 ) (112 0 224 ) (96 0 224 ) (96 0 208 ) 
4 103 175 (96 0 -80 ) (112 0 -80 ) (112 0 80 ) (96 0 80 ) 
4 103 173 (112 0 80 ) (112 0 128 ) (96 0 128 ) (96 0 80 ) 
4 103 165 (112 0 128 ) (112 0 192 ) (96 0 192 ) (96 0 128 ) 
4 103 104 (96 176 192 ) (96 176 -80 ) (96 0 -80 ) (96 0 192 ) 
4 104 175 (80 0 -80 ) (96 0 -80 ) (96 0 80 ) (80 0 80 ) 
4 104 173 (96 0 80 ) (96 0 128 ) (80 0 128 ) (80 0 80 ) 
4 104 166 (96 0 128 ) (96 0 208 ) (80 0 208 ) (80 0 128 ) 
4 105 108 (80 1024 -192 ) (80 1024 -432 ) (80 448 -432 ) (80 448 -192 ) 
4 105 106 (80 448 -192 ) (80 448 -432 ) (1024 448 -432 ) (1024 448 -192 ) 
4 106 176 (1024 0 -432 ) (1024 0 -96 ) (80 0 -96 ) (80 0 -432 ) 
4 106 108 (80 448 -96 ) (80 448 -432 ) (80 0 -432 ) (80 0 -96 ) 
4 107 177 (80 0 -96 ) (80 0 -80 ) (0 0 -80 ) (0 0 -96 ) 
4 107 134 (0 0 -96 ) (0 0 -80 ) (0 592 -80 ) (0 592 -96 ) 
4 107 108 (80 512 -96 ) (80 0 -96 ) (0 0 -96 ) (0 592 -96 ) 
4 108 177 (80 0 -432 ) (80 0 -96 ) (0 0 -96 ) (0 0 -432 ) 
4 108 135 (0 0 -432 ) (0 0 -96 ) (0 1024 -96 ) (0 1024 -432 ) 
4 109 114 (0 2048 -432 ) (0 2048 -96 ) (-1024 2048 -96 ) (-1024 2048 -432 ) 
4 109 111 (0 2048 -96 ) (0 2048 1072 ) (-944 2048 1072 ) (-944 2048 -96 ) 
4 109 113 (-944 2048 1072 ) (-1024 2048 1072 ) (-1024 2048 -96 ) (-944 2048 -96 ) 
4 109 110 (-1024 2048 -432 ) (-1024 2048 1072 ) (-1024 2512 1072 ) (-1024 2512 -432 ) 
4 110 137 (-2048 2048 -432 ) (-2048 2048 1072 ) (-2048 2512 1072 ) (-2048 2512 -432 ) 
4 110 115 (-1024 2048 -432 ) (-1024 2048 1072 ) (-2048 2048 1072 ) (-2048 2048 -432 ) 
4 111 114 (-944 1472 -96 ) (-944 2048 -96 ) (0 2048 -96 ) (0 1472 -96 ) 
4 111 112 (-944 1472 1072 ) (-944 1472 -80 ) (0 1472 -80 ) (0 1472 1072 ) 
4 111 113 (-944 2048 -96 ) (-944 1472 -96 ) (-944 1472 1072 ) (-944 2048 1072 ) 
4 112 130 (-256 1024 224 ) (-928 1024 224 ) (-928 1024 -80 ) (-256 1024 -80 ) 
4 112 132 (-928 1024 224 ) (-944 1024 224 ) (-944 1024 -80 ) (-928 1024 -80 ) 
4 112 129 (0 1024 -80 ) (0 1024 224 ) (-256 1024 224 ) (-256 1024 -80 ) 
4 112 120 (-768 1024 224 ) (-256 1024 224 ) (-256 1024 368 ) (-768 1024 368 ) 
4 112 123 (-944 1024 368 ) (-944 1024 224 ) (-768 1024 224 ) (-768 1024 368 ) 
4 112 119 (-256 1024 1072 ) (-944 1024 1072 ) (-944 1024 368 ) (-256 1024 368 ) 
4 112 117 (0 1024 224 ) (0 1024 272 ) (-256 1024 272 ) (-256 1024 224 ) 
4 112 116 (0 1024 272 ) (0 1024 1072 ) (-256 1024 1072 ) (-256 1024 272 ) 
4 112 113 (-944 1024 -80 ) (-944 1024 1072 ) (-944 1472 1072 ) (-944 1472 -80 ) 
4 113 133 (-1024 1024 -80 ) (-1024 1024 -96 ) (-944 1024 -96 ) (-944 1024 -80 ) 
4 113 132 (-1024 1024 224 ) (-1024 1024 -80 ) (-944 1024 -80 ) (-944 1024 224 ) 
4 113 123 (-1024 1024 368 ) (-1024 1024 224 ) (-944 1024 224 ) (-944 1024 368 ) 
4 113 119 (-944 1024 1072 ) (-1024 1024 1072 ) (-1024 1024 368 ) (-944 1024 368 ) 
4 113 115 (-1024 1024 -96 ) (-1024 1024 1072 ) (-1024 2048 1072 ) (-1024 2048 -96 ) 
4 113 114 (-944 1024 -96 ) (-1024 1024 -96 ) (-1024 2048 -96 ) (-944 2048 -96 ) 
4 114 135 (0 1024 -432 ) (0 1024 -96 ) (-1024 1024 -96 ) (-1024 1024 -432 ) 
4 114 115 (-1024 1024 -432 ) (-1024 1024 -96 ) (-1024 2048 -96 ) (-1024 2048 -432 ) 
4 115 139 (-2048 1024 -432 ) (-2048 1024 1072 ) (-2048 2048 1072 ) (-2048 2048 -432 ) 
4 115 136 (-2048 1024 1072 ) (-2048 1024 -432 ) (-1024 1024 -432 ) (-1024 1024 1072 ) 
4 116 220 (0 0 272 ) (0 0 328 ) (-256 0 328 ) (-256 0 272 ) 
4 116 218 (0 0 328 ) (0 0 368 ) (-256 0 368 ) (-256 0 328 ) 
4 116 217 (0 0 368 ) (0 0 1072 ) (-256 0 1072 ) (-256 0 368 ) 
4 116 126 (-256 400 272 ) (-256 336 272 ) (-256 336 328 ) (-256 400 328 ) 
4 116 121 (-256 848 272 ) (-256 832 272 ) (-256 832 368 ) (-256 848 368 ) 
4 116 120 (-256 1024 368 ) (-256 1024 272 ) (-256 848 272 ) (-256 848 368 ) 
4 116 122 (-256 832 272 ) (-256 512 272 ) (-256 512 368 ) (-256 832 368 ) 
4 116 119 (-256 1024 1072 ) (-256 1024 368 ) (-256 0 368 ) (-256 0 1072 ) 
4 116 118 (0 0 272 ) (-256 0 272 ) (-256 832 272 ) (0 576 272 ) 
4 116 117 (-256 848 272 ) (-256 1024 272 ) (0 1024 272 ) (0 592 272 ) 
4 117 129 (-256 848 224 ) (-256 1024 224 ) (0 1024 224 ) (0 592 224 ) 
4 117 120 (-256 1024 272 ) (-256 1024 224 ) (-256 848 224 ) (-256 848 272 ) 
4 118 220 (0 0 224 ) (0 0 272 ) (-256 0 272 ) (-256 0 224 ) 
4 118 126 (-256 400 224 ) (-256 336 224 ) (-256 336 272 ) (-256 400 272 ) 
4 118 122 (-256 832 224 ) (-256 512 224 ) (-256 512 272 ) (-256 832 272 ) 
4 119 217 (-1024 0 1072 ) (-1024 0 368 ) (-256 0 368 ) (-256 0 1072 ) 
4 119 136 (-1024 1024 1072 ) (-1024 1024 368 ) (-1024 0 368 ) (-1024 0 1072 ) 
4 119 128 (-272 0 368 ) (-1024 0 368 ) (-1024 336 368 ) (-272 336 368 ) 
4 119 127 (-272 336 368 ) (-1024 336 368 ) (-1024 400 368 ) (-272 400 368 ) 
4 119 124 (-272 400 368 ) (-768 400 368 ) (-768 496 368 ) (-272 496 368 ) 
4 119 125 (-768 400 368 ) (-1024 400 368 ) (-1024 512 368 ) (-768 512 368 ) 
4 119 121 (-256 848 368 ) (-256 832 368 ) (-768 832 368 ) (-768 848 368 ) 
4 119 120 (-768 1024 368 ) (-256 1024 368 ) (-256 848 368 ) (-768 848 368 ) 
4 119 122 (-256 832 368 ) (-256 512 368 ) (-768 512 368 ) (-768 832 368 ) 
4 119 123 (-1024 1024 368 ) (-768 1024 368 ) (-768 512 368 ) (-1024 512 368 ) 
4 120 130 (-768 1024 224 ) (-256 1024 224 ) (-256 848 224 ) (-768 848 224 ) 
4 120 121 (-768 848 368 ) (-768 848 272 ) (-256 848 272 ) (-256 848 368 ) 
4 120 123 (-768 1024 224 ) (-768 848 224 ) (-768 848 368 ) (-768 1024 368 ) 
4 121 123 (-768 832 272 ) (-768 832 368 ) (-768 848 368 ) (-768 848 272 ) 
4 121 122 (-768 832 368 ) (-768 832 272 ) (-256 832 272 ) (-256 832 368 ) 
4 122 123 (-768 832 224 ) (-768 512 224 ) (-768 512 368 ) (-768 832 368 ) 
4 123 136 (-1024 1024 368 ) (-1024 1024 224 ) (-1024 512 224 ) (-1024 512 368 ) 
4 123 130 (-928 1024 224 ) (-768 1024 224 ) (-768 848 224 ) (-928 848 224 ) 
4 123 132 (-1024 512 224 ) (-1024 1024 224 ) (-928 1024 224 ) (-928 512 224 ) 
4 123 125 (-1024 512 224 ) (-768 512 224 ) (-768 512 368 ) (-1024 512 368 ) 
4 124 131 (-272 496 224 ) (-272 400 224 ) (-768 400 224 ) (-768 496 224 ) 
4 124 127 (-768 400 224 ) (-272 400 224 ) (-272 400 368 ) (-768 400 368 ) 
4 124 125 (-768 496 224 ) (-768 400 224 ) (-768 400 368 ) (-768 496 368 ) 
4 125 136 (-1024 512 224 ) (-1024 400 224 ) (-1024 400 368 ) (-1024 512 368 ) 
4 125 131 (-928 512 224 ) (-768 512 224 ) (-768 400 224 ) (-928 400 224 ) 
4 125 132 (-1024 400 224 ) (-1024 512 224 ) (-928 512 224 ) (-928 400 224 ) 
4 125 127 (-1024 400 224 ) (-768 400 224 ) (-768 400 368 ) (-1024 400 368 ) 
4 126 131 (-272 400 224 ) (-256 400 224 ) (-256 336 224 ) (-272 336 224 ) 
4 126 127 (-272 400 328 ) (-272 400 224 ) (-272 336 224 ) (-272 336 328 ) 
4 127 136 (-1024 400 224 ) (-1024 336 224 ) (-1024 336 368 ) (-1024 400 368 ) 
4 127 131 (-928 400 224 ) (-272 400 224 ) (-272 336 224 ) (-928 336 224 ) 
4 127 132 (-1024 336 224 ) (-1024 400 224 ) (-928 400 224 ) (-928 336 224 ) 
4 127 128 (-1024 336 224 ) (-272 336 224 ) (-272 336 368 ) (-1024 336 368 ) 
4 128 225 (-1024 0 368 ) (-1024 0 224 ) (-272 0 224 ) (-272 0 368 ) 
4 128 136 (-1024 336 224 ) (-1024 0 224 ) (-1024 0 368 ) (-1024 336 368 ) 
4 128 131 (-272 0 224 ) (-928 0 224 ) (-928 336 224 ) (-272 336 224 ) 
4 128 132 (-928 0 224 ) (-1024 0 224 ) (-1024 336 224 ) (-928 336 224 ) 
4 129 130 (-256 1024 -80 ) (-256 848 -80 ) (-256 848 224 ) (-256 1024 224 ) 
4 130 132 (-928 1024 -80 ) (-928 848 -80 ) (-928 848 224 ) (-928 1024 224 ) 
4 131 227 (-256 0 224 ) (-928 0 224 ) (-928 0 -80 ) (-256 0 -80 ) 
4 131 134 (-256 512 -80 ) (-256 0 -80 ) (-928 0 -80 ) (-928 512 -80 ) 
4 131 132 (-928 512 -80 ) (-928 0 -80 ) (-928 0 224 ) (-928 512 224 ) 
4 132 227 (-928 0 224 ) (-1024 0 224 ) (-1024 0 -80 ) (-928 0 -80 ) 
4 132 136 (-1024 1024 224 ) (-1024 1024 -80 ) (-1024 0 -80 ) (-1024 0 224 ) 
4 132 134 (-1024 0 -80 ) (-1024 848 -80 ) (-928 848 -80 ) (-928 0 -80 ) 
4 132 133 (-1024 848 -80 ) (-1024 1024 -80 ) (-944 1024 -80 ) (-944 848 -80 ) 
4 133 136 (-1024 1024 -80 ) (-1024 1024 -96 ) (-1024 848 -96 ) (-1024 848 -80 ) 
4 133 135 (-1024 848 -96 ) (-1024 1024 -96 ) (-944 1024 -96 ) (-944 848 -96 ) 
4 133 134 (-1024 848 -96 ) (-944 848 -96 ) (-944 848 -80 ) (-1024 848 -80 ) 
4 134 229 (0 0 -96 ) (0 0 -80 ) (-1024 0 -80 ) (-1024 0 -96 ) 
4 134 136 (-1024 848 -96 ) (-1024 0 -96 ) (-1024 0 -80 ) (-1024 848 -80 ) 
5 134 135 (0 0 -96 ) (-1024 0 -96 ) (-1024 848 -96 ) (-256 848 -96 ) (0 592 -96 ) 
4 135 230 (0 0 -432 ) (0 0 -96 ) (-1024 0 -96 ) (-1024 0 -432 ) 
4 135 136 (-1024 1024 -96 ) (-1024 1024 -432 ) (-1024 0 -432 ) (-1024 0 -96 ) 
4 136 234 (-1024 0 -432 ) (-1024 0 128 ) (-2048 0 128 ) (-2048 0 -432 ) 
4 136 232 (-1024 0 128 ) (-1024 0 144 ) (-2048 0 144 ) (-2048 0 128 ) 
4 136 231 (-1024 0 144 ) (-1024 0 1072 ) (-2048 0 1072 ) (-2048 0 144 ) 
4 136 141 (-2048 0 -432 ) (-2048 0 1072 ) (-2048 1024 1072 ) (-2048 1024 -432 ) 
4 137 139 (-2048 2048 -432 ) (-2048 2048 1072 ) (-3072 2048 1072 ) (-3072 2048 -432 ) 
4 137 138 (-3072 2048 -432 ) (-3072 2048 1072 ) (-3072 2512 1072 ) (-3072 2512 -432 ) 
4 138 140 (-3072 2048 -432 ) (-3072 2048 1072 ) (-3144 2048 1072 ) (-3144 2048 -432 ) 
4 139 141 (-2048 1024 -432 ) (-2048 1024 1072 ) (-3072 1024 1072 ) (-3072 1024 -432 ) 
4 139 140 (-3072 1024 -432 ) (-3072 1024 1072 ) (-3072 2048 1072 ) (-3072 2048 -432 ) 
4 140 142 (-3144 1024 -432 ) (-3072 1024 -432 ) (-3072 1024 1072 ) (-3144 1024 1072 ) 
4 141 259 (-2048 0 -432 ) (-2048 0 1072 ) (-3072 0 1072 ) (-3072 0 -432 ) 
4 141 142 (-3072 1024 1072 ) (-3072 1024 -432 ) (-3072 0 -432 ) (-3072 0 1072 ) 
4 142 260 (-3072 0 -432 ) (-3072 0 1072 ) (-3144 0 1072 ) (-3144 0 -432 ) 
4 143 150 (3072 -1024 -432 ) (3072 -1024 -96 ) (3072 0 -96 ) (3072 0 -432 ) 
4 143 147 (3072 -1024 -96 ) (3072 -1024 1072 ) (3072 0 1072 ) (3072 0 -96 ) 
4 143 144 (3072 -1024 1072 ) (3072 -1024 -432 ) (3760 -1024 -432 ) (3760 -1024 1072 ) 
4 144 151 (3072 -2048 -432 ) (3072 -2048 1072 ) (3072 -1024 1072 ) (3072 -1024 -432 ) 
4 144 145 (3760 -2048 1072 ) (3072 -2048 1072 ) (3072 -2048 -432 ) (3760 -2048 -432 ) 
4 145 211 (3072 -3072 -432 ) (3072 -3072 1072 ) (3072 -2048 1072 ) (3072 -2048 -432 ) 
4 145 146 (3072 -3072 1072 ) (3072 -3072 -432 ) (3760 -3072 -432 ) (3760 -3072 1072 ) 
4 146 212 (3072 -3648 1072 ) (3072 -3072 1072 ) (3072 -3072 -432 ) (3072 -3648 -432 ) 
4 147 151 (3072 -1024 -96 ) (3072 -1024 1072 ) (2128 -1024 1072 ) (2128 -1024 -96 ) 
4 147 150 (2128 0 -96 ) (3072 0 -96 ) (3072 -1024 -96 ) (2128 -1024 -96 ) 
4 147 148 (2128 -576 -80 ) (2128 -576 1072 ) (2128 0 1072 ) (2128 0 -80 ) 
4 147 149 (2128 -576 -96 ) (2128 -1024 -96 ) (2128 -1024 1072 ) (2128 -576 1072 ) 
4 148 152 (2048 -576 1072 ) (2048 0 1072 ) (2048 0 -80 ) (2048 -576 -80 ) 
4 148 149 (2128 -576 -80 ) (2128 -576 1072 ) (2048 -576 1072 ) (2048 -576 -80 ) 
4 149 153 (2048 -1024 -96 ) (2048 -1024 -80 ) (2048 -576 -80 ) (2048 -576 -96 ) 
4 149 152 (2048 -1024 -80 ) (2048 -1024 1072 ) (2048 -576 1072 ) (2048 -576 -80 ) 
4 149 151 (2128 -1024 1072 ) (2048 -1024 1072 ) (2048 -1024 -96 ) (2128 -1024 -96 ) 
4 149 150 (2048 -1024 -96 ) (2048 -576 -96 ) (2128 -576 -96 ) (2128 -1024 -96 ) 
4 150 154 (2048 -1024 -432 ) (2048 -1024 -96 ) (2048 0 -96 ) (2048 0 -432 ) 
4 150 151 (3072 -1024 -432 ) (3072 -1024 -96 ) (2048 -1024 -96 ) (2048 -1024 -432 ) 
4 151 211 (3072 -2048 -432 ) (3072 -2048 1072 ) (2048 -2048 1072 ) (2048 -2048 -432 ) 
4 151 199 (2048 -2048 -432 ) (2048 -2048 -80 ) (2048 -1024 -80 ) (2048 -1024 -432 ) 
4 151 197 (2048 -1072 224 ) (2048 -1072 -80 ) (2048 -1408 -80 ) (2048 -1408 224 ) 
4 151 196 (2048 -1408 1072 ) (2048 -1072 1072 ) (2048 -1072 224 ) (2048 -1408 224 ) 
4 151 195 (2048 -1072 1072 ) (2048 -1024 1072 ) (2048 -1024 -80 ) (2048 -1072 -80 ) 
4 151 198 (2048 -2048 -80 ) (2048 -2048 1072 ) (2048 -1408 1072 ) (2048 -1408 -80 ) 
4 152 195 (2048 -1024 -80 ) (2048 -1024 1072 ) (1024 -1024 1072 ) (1024 -1024 -80 ) 
4 152 179 (1024 -1024 -80 ) (1024 -1024 128 ) (1024 -96 128 ) (1024 -96 -80 ) 
4 152 178 (1024 -1024 128 ) (1024 -1024 1072 ) (1024 -96 1072 ) (1024 -96 128 ) 
4 152 174 (1024 0 80 ) (1024 0 -80 ) (1024 -96 -80 ) (1024 -96 80 ) 
4 152 167 (1024 0 128 ) (1024 0 80 ) (1024 -96 80 ) (1024 -96 128 ) 
4 152 156 (1024 0 224 ) (1024 0 128 ) (1024 -96 128 ) (1024 -96 224 ) 
4 152 155 (1024 -96 1072 ) (1024 0 1072 ) (1024 0 224 ) (1024 -96 224 ) 
4 152 153 (1024 -1024 -80 ) (1024 -576 -80 ) (2048 -576 -80 ) (2048 -1024 -80 ) 
4 153 199 (2048 -1024 -96 ) (2048 -1024 -80 ) (1024 -1024 -80 ) (1024 -1024 -96 ) 
4 153 192 (1024 -1024 -96 ) (1024 -1024 -80 ) (1024 -576 -80 ) (1024 -576 -96 ) 
4 153 154 (2048 -1024 -96 ) (1024 -1024 -96 ) (1024 -576 -96 ) (2048 -576 -96 ) 
4 154 199 (2048 -1024 -432 ) (2048 -1024 -96 ) (1024 -1024 -96 ) (1024 -1024 -432 ) 
4 154 194 (1024 -1024 -432 ) (1024 -1024 -96 ) (1024 -96 -96 ) (1024 -96 -432 ) 
4 154 176 (1024 -96 -96 ) (1024 0 -96 ) (1024 0 -432 ) (1024 -96 -432 ) 
4 155 220 (0 0 328 ) (0 0 224 ) (0 -96 224 ) (0 -96 328 ) 
4 155 218 (0 0 368 ) (0 0 328 ) (0 -96 328 ) (0 -96 368 ) 
4 155 217 (0 0 1072 ) (0 0 368 ) (0 -96 368 ) (0 -96 1072 ) 
4 155 188 (0 -96 328 ) (0 -96 224 ) (64 -96 224 ) (64 -96 328 ) 
4 155 186 (0 -96 368 ) (0 -96 328 ) (64 -96 328 ) (64 -96 368 ) 
4 155 185 (0 -96 1072 ) (0 -96 368 ) (64 -96 368 ) (64 -96 1072 ) 
4 155 182 (80 -96 272 ) (80 -96 1072 ) (64 -96 1072 ) (64 -96 272 ) 
5 155 178 (96 -96 224 ) (1024 -96 224 ) (1024 -96 1072 ) (80 -96 1072 ) (80 -96 240 ) 
4 155 164 (112 -96 224 ) (96 -96 224 ) (96 0 224 ) (112 0 224 ) 
4 155 162 (128 -96 224 ) (112 -96 224 ) (112 0 224 ) (128 0 224 ) 
4 155 160 (144 -96 224 ) (128 -96 224 ) (128 0 224 ) (144 0 224 ) 
4 155 158 (160 -96 224 ) (144 -96 224 ) (144 0 224 ) (160 0 224 ) 
4 155 157 (176 -96 224 ) (160 -96 224 ) (160 0 224 ) (176 0 224 ) 
4 155 156 (1024 -96 224 ) (176 -96 224 ) (176 0 224 ) (1024 0 224 ) 
5 156 178 (192 -96 128 ) (1024 -96 128 ) (1024 -96 224 ) (176 -96 224 ) (176 -96 144 ) 
4 156 170 (208 -96 128 ) (192 -96 128 ) (192 0 128 ) (208 0 128 ) 
4 156 169 (224 -96 128 ) (208 -96 128 ) (208 0 128 ) (224 0 128 ) 
4 156 168 (496 -96 128 ) (224 -96 128 ) (224 0 128 ) (496 0 128 ) 
4 156 167 (1024 -96 128 ) (512 -96 128 ) (512 0 128 ) (1024 0 128 ) 
4 156 157 (176 -96 144 ) (176 -96 224 ) (176 0 224 ) (176 0 144 ) 
4 157 178 (176 -96 144 ) (176 -96 224 ) (160 -96 224 ) (160 -96 160 ) 
4 157 158 (160 -96 160 ) (160 -96 224 ) (160 0 224 ) (160 0 160 ) 
4 158 178 (160 -96 160 ) (160 -96 224 ) (144 -96 224 ) (144 -96 176 ) 
4 158 160 (144 -96 176 ) (144 -96 224 ) (144 0 224 ) (144 0 176 ) 
4 159 173 (160 -96 128 ) (144 -96 128 ) (144 0 128 ) (160 0 128 ) 
4 159 161 (144 0 128 ) (144 -96 128 ) (144 -96 144 ) (144 0 144 ) 
4 160 178 (144 -96 176 ) (144 -96 224 ) (128 -96 224 ) (128 -96 192 ) 
4 160 162 (128 -96 192 ) (128 -96 224 ) (128 0 224 ) (128 0 192 ) 
4 161 173 (144 -96 128 ) (128 -96 128 ) (128 0 128 ) (144 0 128 ) 
4 161 163 (128 0 128 ) (128 -96 128 ) (128 -96 160 ) (128 0 160 ) 
4 162 178 (128 -96 192 ) (128 -96 224 ) (112 -96 224 ) (112 -96 208 ) 
4 162 164 (112 -96 208 ) (112 -96 224 ) (112 0 224 ) (112 0 208 ) 
4 163 173 (128 -96 128 ) (112 -96 128 ) (112 0 128 ) (128 0 128 ) 
4 163 165 (112 0 128 ) (112 -96 128 ) (112 -96 176 ) (112 0 176 ) 
3 164 178 (112 -96 208 ) (112 -96 224 ) (96 -96 224 ) 
4 165 173 (112 -96 128 ) (96 -96 128 ) (96 0 128 ) (112 0 128 ) 
4 165 166 (96 0 128 ) (96 -96 128 ) (96 -96 192 ) (96 0 192 ) 
4 166 173 (96 -96 128 ) (80 -96 128 ) (80 0 128 ) (96 0 128 ) 
4 167 179 (512 -96 80 ) (1024 -96 80 ) (1024 -96 128 ) (512 -96 128 ) 
4 167 174 (1024 -96 80 ) (512 -96 80 ) (512 0 80 ) (1024 0 80 ) 
4 168 169 (224 -96 96 ) (224 -96 128 ) (224 0 128 ) (224 0 96 ) 
4 169 170 (208 -96 112 ) (208 -96 128 ) (208 0 128 ) (208 0 112 ) 
4 171 175 (208 -96 80 ) (192 -96 80 ) (192 0 80 ) (208 0 80 ) 
4 171 172 (192 0 80 ) (192 -96 80 ) (192 -96 96 ) (192 0 96 ) 
4 172 175 (192 -96 80 ) (176 -96 80 ) (176 0 80 ) (192 0 80 ) 
4 172 173 (176 0 80 ) (176 -96 80 ) (176 -96 112 ) (176 0 112 ) 
4 173 175 (176 -96 80 ) (80 -96 80 ) (80 0 80 ) (176 0 80 ) 
4 174 179 (512 -96 -80 ) (1024 -96 -80 ) (1024 -96 80 ) (512 -96 80 ) 
4 176 194 (80 -96 -432 ) (1024 -96 -432 ) (1024 -96 -96 ) (80 -96 -96 ) 
4 176 177 (80 0 -432 ) (80 -96 -432 ) (80 -96 -96 ) (80 0 -96 ) 
4 177 230 (0 0 -96 ) (0 0 -432 ) (0 -96 -432 ) (0 -96 -96 ) 
4 177 229 (0 0 -80 ) (0 0 -96 ) (0 -96 -96 ) (0 -96 -80 ) 
4 177 194 (0 -96 -96 ) (0 -96 -432 ) (80 -96 -432 ) (80 -96 -96 ) 
4 177 191 (0 -96 -80 ) (0 -96 -96 ) (80 -96 -96 ) (80 -96 -80 ) 
4 178 208 (608.002441 -1024 224 ) (96 -1024 224 ) (192 -1024 128 ) (608.002502 -1024 128 ) 
4 178 205 (1024 -1024 128 ) (1024 -1024 224 ) (608.002441 -1024 224 ) (608.002502 -1024 128 ) 
4 178 202 (640 -1024 368 ) (608.002441 -1024 368 ) (608.002441 -1024 224 ) (640 -1024 224 ) 
4 178 201 (1024 -1024 224 ) (1024 -1024 368 ) (640 -1024 368 ) (640 -1024 224 ) 
5 178 203 (608.002441 -1024 368 ) (80 -1024 368 ) (80 -1024 240 ) (96 -1024 224 ) (608.002441 -1024 224 ) 
4 178 200 (1024 -1024 368 ) (1024 -1024 1072 ) (80 -1024 1072 ) (80 -1024 368 ) 
4 178 184 (80 -624 240 ) (80 -1024 240 ) (80 -1024 368 ) (80 -624 368 ) 
4 178 183 (80 -1024 368 ) (80 -1024 1072 ) (80 -480 1072 ) (80 -480 368 ) 
4 178 182 (80 -96 1072 ) (80 -96 272 ) (80 -480 272 ) (80 -480 1072 ) 
4 178 181 (192.001953 -1024 128 ) (80 -1024 240.001984 ) (80 -112 240.001953 ) (192.001923 -112 128 ) 
4 178 180 (192 -1024 128 ) (192 -112 128 ) (512 -112 128 ) (512 -1024 128 ) 
4 178 179 (512 -96 128 ) (1024 -96 128 ) (1024 -1024 128 ) (512 -1024 128 ) 
4 179 208 (512 -1024 -80 ) (608.002502 -1024 -80 ) (608.002502 -1024 128 ) (512 -1024 128 ) 
4 179 205 (608.002502 -1024 -80 ) (1024 -1024 -80 ) (1024 -1024 128 ) (608.002502 -1024 128 ) 
4 179 192 (1024 -1024 -80 ) (512 -1024 -80 ) (512 -576 -80 ) (1024 -576 -80 ) 
4 179 180 (512 -112 -80 ) (512 -1024 -80 ) (512 -1024 128 ) (512 -112 128 ) 
4 180 208 (400 -1024 -80 ) (512 -1024 -80 ) (512 -1024 128 ) (192 -1024 128 ) 
4 180 192 (512 -1024 -80 ) (400 -1024 -80 ) (400 -576 -80 ) (512 -576 -80 ) 
4 180 181 (400.001892 -112 -80 ) (400.001923 -1024 -80 ) (192.001953 -1024 128 ) (192.001923 -112 128 ) 
4 181 208 (80 -1024 -80 ) (400 -1024 -80 ) (96 -1024 224 ) (80 -1024 224 ) 
3 181 203 (96 -1024 224 ) (80 -1024 240 ) (80 -1024 224 ) 
6 181 192 (400 -1024 -80 ) (352 -1024 -80 ) (80 -752 -80 ) (80 -624 -80 ) (128 -576 -80 ) (400 -576 -80 ) 
3 181 193 (80 -624 -80 ) (80 -576 -80 ) (128 -576 -80 ) 
4 181 190 (80 -624 -80 ) (80 -1024 -80 ) (80 -1024 224 ) (80 -624 224 ) 
4 181 184 (80 -1024 224 ) (80 -1024 240 ) (80 -624 240 ) (80 -624 224 ) 
4 182 188 (64 -96 328 ) (64 -96 272 ) (64 -480 272 ) (64 -480 328 ) 
4 182 186 (64 -96 368 ) (64 -96 328 ) (64 -480 328 ) (64 -480 368 ) 
4 182 185 (64 -96 1072 ) (64 -96 368 ) (64 -480 368 ) (64 -480 1072 ) 
4 182 183 (64 -480 1072 ) (64 -480 368 ) (80 -480 368 ) (80 -480 1072 ) 
4 183 200 (80 -1024 368 ) (80 -1024 1072 ) (64 -1024 1072 ) (64 -1024 368 ) 
4 183 185 (64 -1024 368 ) (64 -1024 1072 ) (64 -480 1072 ) (64 -480 368 ) 
4 183 184 (64 -1024 368 ) (64 -640 368 ) (80 -624 368 ) (80 -1024 368 ) 
4 184 203 (64 -1024 224 ) (80 -1024 224 ) (80 -1024 368 ) (64 -1024 368 ) 
4 184 190 (80 -624 224 ) (80 -1024 224 ) (64 -1024 224 ) (64 -640 224 ) 
4 184 189 (64 -640 224 ) (64 -1024 224 ) (64 -1024 328 ) (64 -640 328 ) 
4 184 187 (64 -1024 328 ) (64 -1024 368 ) (64 -640 368 ) (64 -640 328 ) 
4 185 217 (0 -1024 368 ) (0 -1024 1072 ) (0 -96 1072 ) (0 -96 368 ) 
4 185 200 (0 -1024 1072 ) (0 -1024 368 ) (64 -1024 368 ) (64 -1024 1072 ) 
4 185 186 (0 -96 368 ) (64 -96 368 ) (64 -480 368 ) (0 -480 368 ) 
4 185 187 (64 -496 368 ) (64 -1024 368 ) (0 -1024 368 ) (0 -496 368 ) 
4 186 218 (0 -480 368 ) (0 -96 368 ) (0 -96 328 ) (0 -480 328 ) 
4 186 188 (0 -480 328 ) (0 -96 328 ) (64 -96 328 ) (64 -480 328 ) 
4 187 219 (0 -1024 328 ) (0 -1024 368 ) (0 -496 368 ) (0 -496 328 ) 
4 187 203 (0 -1024 368 ) (0 -1024 328 ) (64 -1024 328 ) (64 -1024 368 ) 
4 187 189 (0 -1024 328 ) (0 -496 328 ) (64 -496 328 ) (64 -1024 328 ) 
4 188 220 (0 -480 328 ) (0 -96 328 ) (0 -96 224 ) (0 -480 224 ) 
4 189 222 (0 -1024 224 ) (0 -1024 328 ) (0 -496 328 ) (0 -496 224 ) 
4 189 203 (0 -1024 328 ) (0 -1024 224 ) (64 -1024 224 ) (64 -1024 328 ) 
4 189 190 (0 -1024 224 ) (0 -704 224 ) (64 -640 224 ) (64 -1024 224 ) 
4 190 226 (0 -1024 -80 ) (0 -1024 224 ) (0 -704 224 ) (0 -704 -80 ) 
4 190 208 (0 -1024 224 ) (0 -1024 -80 ) (80 -1024 -80 ) (80 -1024 224 ) 
3 190 192 (16 -688 -80 ) (80 -624 -80 ) (80 -752 -80 ) 
4 191 229 (0 -576 -80 ) (0 -96 -80 ) (0 -96 -96 ) (0 -576 -96 ) 
4 191 194 (0 -96 -96 ) (80 -96 -96 ) (80 -576 -96 ) (0 -576 -96 ) 
4 191 193 (0 -576 -96 ) (80 -576 -96 ) (80 -576 -80 ) (0 -576 -80 ) 
4 192 209 (352 -1024 -96 ) (608.002502 -1024 -96 ) (608.002502 -1024 -80 ) (352 -1024 -80 ) 
4 192 207 (608.002502 -1024 -96 ) (1024 -1024 -96 ) (1024 -1024 -80 ) (608.002502 -1024 -80 ) 
5 192 194 (1024 -576 -96 ) (1024 -1024 -96 ) (352 -1024 -96 ) (16 -688 -96 ) (128 -576 -96 ) 
4 192 193 (128 -576 -80 ) (128 -576 -96 ) (16 -688 -96 ) (16 -688 -80 ) 
4 193 229 (0 -704 -80 ) (0 -576 -80 ) (0 -576 -96 ) (0 -704 -96 ) 
3 193 194 (0 -704 -96 ) (0 -576 -96 ) (128 -576 -96 ) 
4 194 230 (0 -1024 -432 ) (0 -1024 -96 ) (0 -96 -96 ) (0 -96 -432 ) 
4 194 210 (0 -1024 -96 ) (0 -1024 -432 ) (608.002502 -1024 -432 ) (608.002441 -1024 -96 ) 
4 194 207 (608.002502 -1024 -432 ) (1024 -1024 -432 ) (1024 -1024 -96 ) (608.002441 -1024 -96 ) 
4 195 205 (1024 -1024 224 ) (1024 -1024 -80 ) (1024 -1072 -80 ) (1024 -1072 224 ) 
4 195 201 (1024 -1024 368 ) (1024 -1024 224 ) (1024 -1072 224 ) (1024 -1072 368 ) 
4 195 200 (1024 -1024 1072 ) (1024 -1024 368 ) (1024 -1072 368 ) (1024 -1072 1072 ) 
4 195 199 (1024 -1024 -80 ) (2048 -1024 -80 ) (2048 -1072 -80 ) (1024 -1072 -80 ) 
4 195 197 (1232 -1072 -80 ) (2048 -1072 -80 ) (2048 -1072 224 ) (1232 -1072 224 ) 
4 195 196 (2048 -1072 224 ) (2048 -1072 1072 ) (1024 -1072 1072 ) (1024 -1072 224 ) 
4 196 201 (1024 -1408 224 ) (1024 -1408 368 ) (1024 -1072 368 ) (1024 -1072 224 ) 
4 196 200 (1024 -1408 368 ) (1024 -1408 1072 ) (1024 -1072 1072 ) (1024 -1072 368 ) 
4 196 197 (2048 -1408 224 ) (1568 -1408 224 ) (1232 -1072 224 ) (2048 -1072 224 ) 
4 196 198 (2048 -1408 224 ) (2048 -1408 1072 ) (1024 -1408 1072 ) (1024 -1408 224 ) 
4 197 199 (2048 -1072 -80 ) (2048 -1408 -80 ) (1568 -1408 -80 ) (1232 -1072 -80 ) 
4 197 198 (1568 -1408 -80 ) (2048 -1408 -80 ) (2048 -1408 224 ) (1568 -1408 224 ) 
4 198 213 (2048 -2048 -80 ) (2048 -2048 1072 ) (1024 -2048 1072 ) (1024 -2048 -80 ) 
4 198 206 (1024 -1408 -80 ) (1024 -1792 -80 ) (1024 -1792 224 ) (1024 -1408 224 ) 
4 198 204 (1024 -1792 -80 ) (1024 -2048 -80 ) (1024 -2048 224 ) (1024 -1792 224 ) 
4 198 201 (1024 -2048 224 ) (1024 -2048 368 ) (1024 -1408 368 ) (1024 -1408 224 ) 
4 198 200 (1024 -2048 368 ) (1024 -2048 1072 ) (1024 -1408 1072 ) (1024 -1408 368 ) 
4 198 199 (2048 -1408 -80 ) (2048 -2048 -80 ) (1024 -2048 -80 ) (1024 -1408 -80 ) 
4 199 213 (2048 -2048 -432 ) (2048 -2048 -80 ) (1024 -2048 -80 ) (1024 -2048 -432 ) 
4 199 207 (1024 -1024 -80 ) (1024 -1024 -432 ) (1024 -2048 -432 ) (1024 -2048 -80 ) 
4 200 235 (0 -2048 368 ) (0 -2048 1072 ) (0 -1024 1072 ) (0 -1024 368 ) 
4 200 214 (0 -2048 1072 ) (0 -2048 368 ) (1024 -2048 368 ) (1024 -2048 1072 ) 
4 200 202 (432.001251 -1200.001221 368 ) (608.002502 -1024 368 ) (640 -1024 368 ) (448 -1216 368 ) 
5 200 201 (1024 -1024 368 ) (1024 -2048 368 ) (0 -2048 368 ) (0 -1664 368 ) (640 -1024 368 ) 
3 200 203 (0 -1632.002441 368 ) (0 -1024 368 ) (608.002502 -1024 368 ) 
4 201 236 (0 -2048 224 ) (0 -2048 368 ) (0 -1664 368 ) (0 -1664 224 ) 
4 201 214 (0 -2048 368 ) (0 -2048 224 ) (1024 -2048 224 ) (1024 -2048 368 ) 
4 201 205 (1024 -1024 224 ) (1024 -1072 224 ) (592 -1072 224 ) (640 -1024 224 ) 
3 201 206 (1024 -1408 224 ) (1024 -1792 224 ) (640 -1408 224 ) 
5 201 204 (1024 -1792 224 ) (1024 -2048 224 ) (0 -2048 224 ) (0 -1760 224 ) (496 -1264 224 ) 
4 201 202 (640 -1024 224 ) (448 -1216 224 ) (448 -1216 368 ) (640 -1024 368 ) 
4 202 205 (560.002502 -1072 224 ) (608.002502 -1024 224 ) (640 -1024 224 ) (592 -1072 224 ) 
4 202 203 (608 -1024 224 ) (432 -1200 224 ) (432 -1200 368 ) (608 -1024 368 ) 
4 203 237 (0 -1632.002441 368 ) (0 -1024 368 ) (0 -1024 224 ) (0 -1632.002441 224 ) 
3 203 208 (0 -1632.002441 224 ) (0 -1024 224 ) (608.002502 -1024 224 ) 
4 204 240 (0 -2048 -80 ) (0 -2048 224 ) (0 -1760 224 ) (0 -1760 -80 ) 
4 204 214 (0 -2048 224 ) (0 -2048 -80 ) (1024 -2048 -80 ) (1024 -2048 224 ) 
5 204 207 (496 -1264 -80 ) (1024 -1792 -80 ) (1024 -2048 -80 ) (0 -2048 -80 ) (0 -1760 -80 ) 
4 204 206 (1024 -1792 -80 ) (640 -1408 -80 ) (640 -1408 224 ) (1024 -1792 224 ) 
4 205 208 (560 -1072 224 ) (608 -1024 224 ) (608 -1024 -80 ) (560 -1072 -80 ) 
4 205 207 (559.996094 -1072 -80 ) (607.996094 -1024 -80 ) (1024 -1024 -80 ) (1024 -1072 -80 ) 
3 206 207 (1024 -1408 -80 ) (1024 -1792 -80 ) (640 -1408 -80 ) 
4 207 250 (0 -2048 -432 ) (0 -2048 -96 ) (0 -1632.002441 -96 ) (0 -1632.002441 -432 ) 
4 207 241 (0 -2048 -96 ) (0 -2048 -80 ) (0 -1632.002441 -80 ) (0 -1632.002441 -96 ) 
4 207 214 (0 -2048 -80 ) (0 -2048 -432 ) (1024 -2048 -432 ) (1024 -2048 -80 ) 
4 207 210 (608 -1024 -96 ) (608 -1024 -432 ) (0 -1632 -432 ) (0 -1632 -96 ) 
4 207 209 (608 -1024 -80 ) (608 -1024 -96 ) (480 -1152 -96 ) (480 -1152 -80 ) 
5 208 242 (0 -1632.002441 -38 ) (0 -1632.002441 224 ) (0 -1024 224 ) (0 -1024 -80 ) (0 -1440 -80 ) 
3 208 209 (608.003906 -1024 -80 ) (480.001953 -1152.001953 -80 ) (352 -1024 -80 ) 
3 209 210 (608.003906 -1024 -96 ) (480.001953 -1152.001953 -96 ) (352 -1024 -96 ) 
4 210 250 (0 -1632.002441 -432 ) (0 -1632.002441 -96 ) (0 -1024 -96 ) (0 -1024 -432 ) 
4 211 213 (2048 -2048 1072 ) (2048 -2048 -432 ) (2048 -3072 -432 ) (2048 -3072 1072 ) 
4 211 212 (3072 -3072 -432 ) (3072 -3072 1072 ) (2048 -3072 1072 ) (2048 -3072 -432 ) 
4 212 215 (2048 -3648 1072 ) (2048 -3072 1072 ) (2048 -3072 -432 ) (2048 -3648 -432 ) 
4 213 215 (2048 -3072 -432 ) (2048 -3072 1072 ) (1024 -3072 1072 ) (1024 -3072 -432 ) 
4 213 214 (1024 -2048 1072 ) (1024 -2048 -432 ) (1024 -3072 -432 ) (1024 -3072 1072 ) 
4 214 273 (0 -3072 -432 ) (0 -3072 -80 ) (0 -2048 -80 ) (0 -2048 -432 ) 
4 214 271 (0 -2240 224 ) (0 -2176 224 ) (0 -2176 -80 ) (0 -2240 -80 ) 
4 214 272 (0 -3072 -80 ) (0 -3072 224 ) (0 -2240 224 ) (0 -2240 -80 ) 
4 214 268 (0 -2176 224 ) (0 -2048 224 ) (0 -2048 -80 ) (0 -2176 -80 ) 
4 214 266 (0 -2192 368 ) (0 -2176 368 ) (0 -2176 224 ) (0 -2192 224 ) 
4 214 264 (0 -2176 368 ) (0 -2048 368 ) (0 -2048 224 ) (0 -2176 224 ) 
4 214 267 (0 -3072 224 ) (0 -3072 368 ) (0 -2192 368 ) (0 -2192 224 ) 
4 214 263 (0 -3072 368 ) (0 -3072 1072 ) (0 -2048 1072 ) (0 -2048 368 ) 
4 214 216 (0 -3072 1072 ) (0 -3072 -432 ) (1024 -3072 -432 ) (1024 -3072 1072 ) 
4 215 216 (1024 -3072 1072 ) (1024 -3072 -432 ) (1024 -3648 -432 ) (1024 -3648 1072 ) 
4 216 284 (0 -3648 1072 ) (0 -3072 1072 ) (0 -3072 -432 ) (0 -3648 -432 ) 
4 217 235 (0 -1024 368 ) (0 -1024 1072 ) (-1024 -1024 1072 ) (-1024 -1024 368 ) 
4 217 231 (-1024 0 1072 ) (-1024 0 368 ) (-1024 -1024 368 ) (-1024 -1024 1072 ) 
5 217 225 (-1024 -1024 368 ) (-1024 0 368 ) (-272 0 368 ) (-272 -960 368 ) (-336 -1024 368 ) 
3 217 224 (-272 -976 368 ) (-272 -1024 368 ) (-320 -1024 368 ) 
4 217 223 (-256 -960 368 ) (-256 -1024 368 ) (-272 -1024 368 ) (-272 -976 368 ) 
4 217 218 (-256 0 368 ) (0 0 368 ) (0 -480 368 ) (-256 -480 368 ) 
4 217 219 (0 -496 368 ) (0 -1024 368 ) (-256 -1024 368 ) (-256 -496 368 ) 
4 218 220 (-256 -480 328 ) (-256 0 328 ) (0 0 328 ) (0 -480 328 ) 
4 219 237 (0 -1024 328 ) (0 -1024 368 ) (-256 -1024 368 ) (-256 -1024 328 ) 
4 219 223 (-256 -1024 328 ) (-256 -1024 368 ) (-256 -960 368 ) (-256 -960 328 ) 
4 219 222 (-256 -1024 328 ) (-256 -496 328 ) (0 -496 328 ) (0 -1024 328 ) 
4 220 221 (-16 -480 328 ) (-160 -480 328 ) (-160 -480 224 ) (-16 -480 224 ) 
4 221 222 (-16 -496 328 ) (-160 -496 328 ) (-160 -496 224 ) (-16 -496 224 ) 
4 222 237 (0 -1024 224 ) (0 -1024 328 ) (-256 -1024 328 ) (-256 -1024 224 ) 
4 222 226 (0 -1024 224 ) (-256 -1024 224 ) (-256 -960 224 ) (0 -704 224 ) 
4 222 223 (-256 -960 224 ) (-256 -1024 224 ) (-256 -1024 328 ) (-256 -960 328 ) 
4 223 237 (-256 -1024 368 ) (-272 -1024 368 ) (-272 -1024 224 ) (-256 -1024 224 ) 
4 223 228 (-256 -1024 224 ) (-272 -1024 224 ) (-272 -976 224 ) (-256 -960 224 ) 
4 223 224 (-272 -976 224 ) (-272 -1024 224 ) (-272 -1024 368 ) (-272 -976 368 ) 
4 224 237 (-272 -1024 368 ) (-320 -1024 368 ) (-320 -1024 224 ) (-272 -1024 224 ) 
3 224 228 (-272 -1024 224 ) (-320 -1024 224 ) (-272 -976 224 ) 
4 225 238 (-336 -1024 368 ) (-1024 -1024 368 ) (-1024 -1024 224 ) (-336 -1024 224 ) 
4 225 231 (-1024 0 368 ) (-1024 0 224 ) (-1024 -1024 224 ) (-1024 -1024 368 ) 
5 225 227 (-448 -1024 224 ) (-1024 -1024 224 ) (-1024 0 224 ) (-272 0 224 ) (-272 -848 224 ) 
4 226 242 (0 -1024 -80 ) (0 -1024 224 ) (-256 -1024 224 ) (-256 -1024 -80 ) 
4 226 228 (-256 -960 -80 ) (-256 -1024 -80 ) (-256 -1024 224 ) (-256 -960 224 ) 
4 227 246 (-448 -1024 224 ) (-1024 -1024 224 ) (-1024 -1024 -80 ) (-448 -1024 -80 ) 
4 227 234 (-1024 0 128 ) (-1024 0 -80 ) (-1024 -1024 -80 ) (-1024 -1024 128 ) 
4 227 232 (-1024 0 144 ) (-1024 0 128 ) (-1024 -1024 128 ) (-1024 -1024 144 ) 
4 227 231 (-1024 0 224 ) (-1024 0 144 ) (-1024 -1024 144 ) (-1024 -1024 224 ) 
5 227 229 (-1024 -1024 -80 ) (-1024 0 -80 ) (-256 0 -80 ) (-256 -832 -80 ) (-448 -1024 -80 ) 
4 228 242 (-256 -1024 224 ) (-320 -1024 224 ) (-320 -1024 -80 ) (-256 -1024 -80 ) 
4 229 247 (-320 -1024 -80 ) (-1024 -1024 -80 ) (-1024 -1024 -96 ) (-320 -1024 -96 ) 
4 229 234 (-1024 0 -80 ) (-1024 0 -96 ) (-1024 -1024 -96 ) (-1024 -1024 -80 ) 
5 229 230 (-320 -1024 -96 ) (-1024 -1024 -96 ) (-1024 0 -96 ) (0 0 -96 ) (0 -704 -96 ) 
4 230 250 (0 -1024 -432 ) (0 -1024 -96 ) (-1024 -1024 -96 ) (-1024 -1024 -432 ) 
4 230 234 (-1024 0 -96 ) (-1024 0 -432 ) (-1024 -1024 -432 ) (-1024 -1024 -96 ) 
4 231 259 (-2048 0 1072 ) (-2048 0 144 ) (-2048 -1024 144 ) (-2048 -1024 1072 ) 
4 231 254 (-1024 -1024 144 ) (-1024 -1024 1072 ) (-2048 -1024 1072 ) (-2048 -1024 144 ) 
4 231 233 (-1472 -1024 144 ) (-2048 -1024 144 ) (-2048 -416 144 ) (-1456 -1008 144 ) 
5 231 232 (-2048 0 144 ) (-1024 0 144 ) (-1024 -1024 144 ) (-1440 -1024 144 ) (-2048 -416 144 ) 
4 232 259 (-2048 0 144 ) (-2048 0 128 ) (-2048 -416 128 ) (-2048 -416 144 ) 
4 232 255 (-1024 -1024 128 ) (-1024 -1024 144 ) (-1440 -1024 144 ) (-1440 -1024 128 ) 
5 232 234 (-2048 0 128 ) (-1024 0 128 ) (-1024 -1024 128 ) (-1440 -1024 128 ) (-2048 -416 128 ) 
4 232 233 (-2048 -416 128 ) (-1456 -1008 128 ) (-1456 -1008 144 ) (-2048 -416 144 ) 
4 233 259 (-2048 -416 128 ) (-2048 -1024 128 ) (-2048 -1024 144 ) (-2048 -416 144 ) 
4 233 256 (-1472 -1024 144 ) (-2048 -1024 144 ) (-2048 -1024 128 ) (-1472 -1024 128 ) 
4 233 234 (-1472 -1024 128 ) (-2048 -1024 128 ) (-2048 -416 128 ) (-1456 -1008 128 ) 
4 234 259 (-2048 0 128 ) (-2048 0 -432 ) (-2048 -1024 -432 ) (-2048 -1024 128 ) 
4 234 258 (-1024 -1024 -432 ) (-1024 -1024 -80 ) (-2048 -1024 -80 ) (-2048 -1024 -432 ) 
4 234 257 (-1024 -1024 -80 ) (-1024 -1024 128 ) (-2048 -1024 128 ) (-2048 -1024 -80 ) 
4 235 263 (0 -2048 368 ) (0 -2048 1072 ) (-1024 -2048 1072 ) (-1024 -2048 368 ) 
4 235 254 (-1024 -1024 1072 ) (-1024 -1024 368 ) (-1024 -2048 368 ) (-1024 -2048 1072 ) 
4 235 238 (-1024 -1440 368 ) (-1024 -1024 368 ) (-336 -1024 368 ) (-888 -1576 368 ) 
3 235 239 (-1024 -1728 368 ) (-1024 -1440 368 ) (-880 -1584 368 ) 
6 235 237 (-1024 -2048 368 ) (-1024 -1728 368 ) (-320 -1024 368 ) (0 -1024 368 ) (0 -1632.002441 368 ) (-415.997528 -2048 368 ) 
3 235 236 (0 -1664 368 ) (0 -2048 368 ) (-384 -2048 368 ) 
4 236 264 (0 -2048 224 ) (0 -2048 368 ) (-384 -2048 368 ) (-384 -2048 224 ) 
3 236 240 (0 -2048 224 ) (-288 -2048 224 ) (0 -1760 224 ) 
4 237 265 (-415.997528 -2048 368 ) (-1024 -2048 368 ) (-1024 -2048 224 ) (-415.997498 -2048 224 ) 
4 237 254 (-1024 -1728 224 ) (-1024 -2048 224 ) (-1024 -2048 368 ) (-1024 -1728 368 ) 
3 237 243 (-781.714417 -2048 224 ) (-1024 -2048 224 ) (-1024 -1805.714355 224 ) 
7 237 242 (-415.997528 -2048 224 ) (-781.714417 -2048 224 ) (-1024 -1805.714355 224 ) (-1024 -1728 224 ) (-320 -1024 224 ) (0 -1024 224 ) (0 -1632.002441 224 ) 
4 237 239 (-880 -1584 224 ) (-1024 -1728 224 ) (-1024 -1728 368 ) (-880 -1584 368 ) 
4 238 254 (-1024 -1024 368 ) (-1024 -1024 224 ) (-1024 -1440 224 ) (-1024 -1440 368 ) 
4 238 246 (-1024 -1440 224 ) (-1024 -1024 224 ) (-448 -1024 224 ) (-944 -1520 224 ) 
4 238 239 (-1024 -1440 224 ) (-888 -1576 224 ) (-888 -1576 368 ) (-1024 -1440 368 ) 
4 239 254 (-1024 -1440 224 ) (-1024 -1728 224 ) (-1024 -1728 368 ) (-1024 -1440 368 ) 
3 239 248 (-1024 -1728 224 ) (-1024 -1440 224 ) (-880 -1584 224 ) 
4 240 268 (0 -2048 -80 ) (0 -2048 224 ) (-288 -2048 224 ) (-288 -2048 -80 ) 
3 240 241 (0 -1760 -80 ) (0 -2048 -80 ) (-288 -2048 -80 ) 
4 241 273 (0 -2048 -96 ) (0 -2048 -80 ) (-415.997498 -2048 -80 ) (-415.997498 -2048 -96 ) 
3 241 250 (0 -1632.002441 -96 ) (0 -2048 -96 ) (-415.997528 -2048 -96 ) 
3 242 269 (-415.997528 -2048 224 ) (-781.714417 -2048 224 ) (-415.997528 -2048 144 ) 
3 242 254 (-1024 -1805.714355 224 ) (-1024 -1728 224 ) (-1024 -1728 207 ) 
4 242 248 (-1024 -1728 207 ) (-1024 -1728 224 ) (-880 -1584 224 ) (-880 -1584 144 ) 
5 242 243 (-1024 -1728 207 ) (-880.001587 -1584.001587 144 ) (-415.997375 -2048 144 ) (-781.715942 -2048 224 ) (-1024 -1805.718384 224 ) 
4 243 269 (-781.714417 -2048 224 ) (-1024 -2048 224 ) (-1024 -2048 144 ) (-415.997528 -2048 144 ) 
5 243 254 (-1024 -2048 144 ) (-1024 -2048 224 ) (-1024 -1805.714355 224 ) (-1024 -1728 207 ) (-1024 -1728 144 ) 
3 243 248 (-1024 -1728 144 ) (-1024 -1728 207 ) (-880 -1584 144 ) 
4 244 270 (-1024 -2048 128 ) (-1024 -2048 -80 ) (-415.997498 -2048 -80 ) (-415.997528 -2048 128 ) 
4 244 257 (-1024 -2048 -80 ) (-1024 -2048 128 ) (-1024 -1728 128 ) (-1024 -1728 -80 ) 
4 244 249 (-1024 -1728 -80 ) (-1024 -1728 128 ) (-880.002808 -1584.002808 128 ) (-880 -1584 -80 ) 
4 244 245 (-416 -2048 -80 ) (-1024 -2048 -80 ) (-1024 -1728 -80 ) (-880 -1584 -80 ) 
4 245 273 (-1024 -2048 -80 ) (-1024 -2048 -96 ) (-415.997498 -2048 -96 ) (-415.997498 -2048 -80 ) 
4 245 258 (-1024 -1728 -96 ) (-1024 -2048 -96 ) (-1024 -2048 -80 ) (-1024 -1728 -80 ) 
4 245 250 (-1024 -2048 -96 ) (-1024 -1728 -96 ) (-880 -1584 -96 ) (-416 -2048 -96 ) 
4 245 249 (-880 -1584 -96 ) (-1024 -1728 -96 ) (-1024 -1728 -80 ) (-880 -1584 -80 ) 
4 246 255 (-1024 -1024 144 ) (-1024 -1024 128 ) (-1024 -1440 128 ) (-1024 -1440 144 ) 
4 246 257 (-1024 -1024 128 ) (-1024 -1024 -80 ) (-1024 -1440 -80 ) (-1024 -1440 128 ) 
4 246 254 (-1024 -1024 224 ) (-1024 -1024 144 ) (-1024 -1440 144 ) (-1024 -1440 224 ) 
4 246 248 (-944 -1520 224 ) (-1024 -1440 224 ) (-1024 -1440 144 ) (-944 -1520 144 ) 
4 246 249 (-1024 -1440 128 ) (-1024 -1440 -80 ) (-944 -1520 -80 ) (-944 -1520 128 ) 
4 246 247 (-944 -1520 -80 ) (-1024 -1440 -80 ) (-1024 -1024 -80 ) (-448 -1024 -80 ) 
4 247 258 (-1024 -1024 -80 ) (-1024 -1024 -96 ) (-1024 -1440 -96 ) (-1024 -1440 -80 ) 
4 247 250 (-1024 -1440 -96 ) (-1024 -1024 -96 ) (-320 -1024 -96 ) (-880 -1584 -96 ) 
4 247 249 (-1024 -1440 -96 ) (-880 -1584 -96 ) (-880 -1584 -80 ) (-1024 -1440 -80 ) 
4 248 254 (-1024 -1728 144 ) (-1024 -1728 224 ) (-1024 -1440 224 ) (-1024 -1440 144 ) 
4 249 258 (-1024 -1440 -96 ) (-1024 -1728 -96 ) (-1024 -1728 -80 ) (-1024 -1440 -80 ) 
4 249 257 (-1024 -1728 -80 ) (-1024 -1728 128 ) (-1024 -1440 128 ) (-1024 -1440 -80 ) 
3 249 250 (-1024 -1728 -96 ) (-1024 -1440 -96 ) (-880 -1584 -96 ) 
4 250 273 (0 -2048 -432 ) (0 -2048 -96 ) (-1024 -2048 -96 ) (-1024 -2048 -432 ) 
4 250 258 (-1024 -1024 -96 ) (-1024 -1024 -432 ) (-1024 -2048 -432 ) (-1024 -2048 -96 ) 
4 251 277 (-2048 -2048 1072 ) (-2048 -2048 224 ) (-1184 -2048 224 ) (-1184 -2048 1072 ) 
4 251 261 (-2048 -2048 224 ) (-2048 -2048 1072 ) (-2048 -1184 1072 ) (-2048 -1184 224 ) 
4 251 254 (-2048 -1183.996094 224 ) (-2048 -1183.996094 1072 ) (-1183.996094 -2048 1072 ) (-1183.996094 -2048 224 ) 
4 251 253 (-1248 -2048 224 ) (-2048 -2048 224 ) (-2048 -1600 224 ) (-1872 -1424 224 ) 
3 251 252 (-2048 -1184 224 ) (-1840 -1392 224 ) (-2048 -1600 224 ) 
4 252 261 (-2048 -1600 224 ) (-2048 -1184 224 ) (-2048 -1184 -80 ) (-2048 -1600 -80 ) 
3 252 258 (-2048 -1600 -80 ) (-2048 -1184 -80 ) (-1840 -1392 -80 ) 
4 252 256 (-2048 -1183.996094 128 ) (-2048 -1183.996094 144 ) (-1839.998047 -1391.998047 144 ) (-1839.998047 -1391.998047 128 ) 
4 252 257 (-1839.998047 -1391.998047 -80 ) (-2048 -1183.996094 -80 ) (-2048 -1183.996094 128 ) (-1839.998047 -1391.998047 128 ) 
4 252 254 (-2048 -1183.996094 144 ) (-2048 -1183.996094 224 ) (-1839.998047 -1391.998047 224 ) (-1839.998047 -1391.998047 144 ) 
4 252 253 (-2048 -1600 -80 ) (-1872 -1424 -80 ) (-1872 -1424 224 ) (-2048 -1600 224 ) 
4 253 278 (-2048 -2048 224 ) (-2048 -2048 -80 ) (-1248 -2048 -80 ) (-1248 -2048 224 ) 
4 253 261 (-2048 -2048 -80 ) (-2048 -2048 224 ) (-2048 -1600 224 ) (-2048 -1600 -80 ) 
4 253 258 (-1248 -2048 -80 ) (-2048 -2048 -80 ) (-2048 -1600 -80 ) (-1872 -1424 -80 ) 
4 254 279 (-1024 -2048 144 ) (-1024 -2048 224 ) (-1184 -2048 224 ) (-1184 -2048 144 ) 
4 254 274 (-1024 -2048 224 ) (-1024 -2048 1072 ) (-1056 -2048 1072 ) (-1056 -2048 224 ) 
4 254 277 (-1056 -2048 1072 ) (-1184 -2048 1072 ) (-1184 -2048 224 ) (-1056 -2048 224 ) 
4 254 261 (-2048 -1024 1072 ) (-2048 -1024 144 ) (-2048 -1184 144 ) (-2048 -1184 1072 ) 
4 254 256 (-1840 -1392 144 ) (-2048 -1184 144 ) (-2048 -1024 144 ) (-1472 -1024 144 ) 
3 254 255 (-1440 -1024 144 ) (-1024 -1024 144 ) (-1024 -1440 144 ) 
3 255 257 (-1440 -1024 128 ) (-1024 -1024 128 ) (-1024 -1440 128 ) 
4 256 261 (-2048 -1024 144 ) (-2048 -1024 128 ) (-2048 -1184 128 ) (-2048 -1184 144 ) 
4 256 257 (-1840 -1392 128 ) (-2048 -1184 128 ) (-2048 -1024 128 ) (-1472 -1024 128 ) 
4 257 280 (-1024 -2048 -80 ) (-1024 -2048 128 ) (-1184 -2048 128 ) (-1184 -2048 -80 ) 
4 257 261 (-2048 -1024 128 ) (-2048 -1024 -80 ) (-2048 -1184 -80 ) (-2048 -1184 128 ) 
5 257 258 (-1024 -1024 -80 ) (-1024 -2048 -80 ) (-1184 -2048 -80 ) (-2048 -1184 -80 ) (-2048 -1024 -80 ) 
4 258 283 (-1024 -2048 -432 ) (-1024 -2048 -80 ) (-2048 -2048 -80 ) (-2048 -2048 -432 ) 
4 258 261 (-2048 -2048 -432 ) (-2048 -2048 -80 ) (-2048 -1024 -80 ) (-2048 -1024 -432 ) 
4 259 261 (-2048 -1024 -432 ) (-2048 -1024 1072 ) (-3072 -1024 1072 ) (-3072 -1024 -432 ) 
4 259 260 (-3072 0 1072 ) (-3072 0 -432 ) (-3072 -1024 -432 ) (-3072 -1024 1072 ) 
4 260 262 (-3072 -1024 -432 ) (-3072 -1024 1072 ) (-3144 -1024 1072 ) (-3144 -1024 -432 ) 
4 261 286 (-2048 -2048 -432 ) (-2048 -2048 1072 ) (-3072 -2048 1072 ) (-3072 -2048 -432 ) 
4 261 262 (-3072 -1024 1072 ) (-3072 -1024 -432 ) (-3072 -2048 -432 ) (-3072 -2048 1072 ) 
4 262 287 (-3072 -2048 -432 ) (-3072 -2048 1072 ) (-3144 -2048 1072 ) (-3144 -2048 -432 ) 
4 263 284 (0 -3072 368 ) (0 -3072 1072 ) (-1024 -3072 1072 ) (-1024 -3072 368 ) 
4 263 275 (-1024 -2176 368 ) (-1024 -2192 368 ) (-1024 -2192 1072 ) (-1024 -2176 1072 ) 
4 263 274 (-1024 -2048 1072 ) (-1024 -2048 368 ) (-1024 -2176 368 ) (-1024 -2176 1072 ) 
4 263 276 (-1024 -2192 368 ) (-1024 -3072 368 ) (-1024 -3072 1072 ) (-1024 -2192 1072 ) 
4 263 266 (-512 -2176 368 ) (0 -2176 368 ) (0 -2192 368 ) (-528 -2192 368 ) 
4 263 264 (-384 -2048 368 ) (0 -2048 368 ) (0 -2176 368 ) (-512 -2176 368 ) 
4 263 265 (-1024 -2176 368 ) (-1024 -2048 368 ) (-415.997498 -2048 368 ) (-543.997498 -2176 368 ) 
4 263 267 (-1024 -3072 368 ) (-1024 -2192 368 ) (0 -2192 368 ) (0 -3072 368 ) 
4 264 268 (-288 -2048 224 ) (0 -2048 224 ) (0 -2176 224 ) (-416 -2176 224 ) 
4 264 266 (-512 -2176 224 ) (0 -2176 224 ) (0 -2176 368 ) (-512 -2176 368 ) 
4 265 274 (-1024 -2048 368 ) (-1024 -2048 224 ) (-1024 -2176 224 ) (-1024 -2176 368 ) 
4 265 269 (-1024 -2176 224 ) (-1024 -2048 224 ) (-415.997498 -2048 224 ) (-543.997498 -2176 224 ) 
4 266 271 (-416 -2176 224 ) (0 -2176 224 ) (0 -2192 224 ) (-432 -2192 224 ) 
4 266 267 (-528 -2192 224 ) (0 -2192 224 ) (0 -2192 368 ) (-528 -2192 368 ) 
4 267 284 (0 -3072 224 ) (0 -3072 368 ) (-1024 -3072 368 ) (-1024 -3072 224 ) 
4 267 276 (-1024 -2192 224 ) (-1024 -3072 224 ) (-1024 -3072 368 ) (-1024 -2192 368 ) 
4 267 271 (-432 -2192 224 ) (0 -2192 224 ) (0 -2240 224 ) (-480 -2240 224 ) 
4 267 272 (0 -3072 224 ) (-1024 -3072 224 ) (-1024 -2240 224 ) (0 -2240 224 ) 
4 268 273 (-288 -2048 -80 ) (0 -2048 -80 ) (0 -2176 -80 ) (-416 -2176 -80 ) 
4 268 271 (-416 -2176 -80 ) (0 -2176 -80 ) (0 -2176 224 ) (-416 -2176 224 ) 
4 269 279 (-1024 -2048 224 ) (-1024 -2048 144 ) (-1024 -2176 144 ) (-1024 -2176 224 ) 
4 270 280 (-1024 -2048 128 ) (-1024 -2048 -80 ) (-1024 -2176 -80 ) (-1024 -2176 128 ) 
4 270 273 (-1024 -2176 -80 ) (-1024 -2048 -80 ) (-415.997498 -2048 -80 ) (-543.997498 -2176 -80 ) 
4 271 273 (-416 -2176 -80 ) (0 -2176 -80 ) (0 -2240 -80 ) (-480 -2240 -80 ) 
4 271 272 (-480 -2240 -80 ) (0 -2240 -80 ) (0 -2240 224 ) (-480 -2240 224 ) 
4 272 284 (0 -3072 -80 ) (0 -3072 224 ) (-1024 -3072 224 ) (-1024 -3072 -80 ) 
4 272 282 (-1024 -2240 -80 ) (-1024 -3072 -80 ) (-1024 -3072 224 ) (-1024 -2240 224 ) 
4 272 273 (-1024 -3072 -80 ) (-1024 -2240 -80 ) (0 -2240 -80 ) (0 -3072 -80 ) 
4 273 284 (0 -3072 -432 ) (0 -3072 -80 ) (-1024 -3072 -80 ) (-1024 -3072 -432 ) 
4 273 283 (-1024 -2048 -80 ) (-1024 -2048 -432 ) (-1024 -3072 -432 ) (-1024 -3072 -80 ) 
4 274 279 (-1056 -2048 224 ) (-1024 -2048 224 ) (-1024 -2176 224 ) (-1056 -2176 224 ) 
4 274 275 (-1056 -2176 1072 ) (-1056 -2176 368 ) (-1024 -2176 368 ) (-1024 -2176 1072 ) 
4 274 277 (-1056 -2048 224 ) (-1056 -2176 224 ) (-1056 -2176 1072 ) (-1056 -2048 1072 ) 
4 275 277 (-1056 -2192 368 ) (-1056 -2192 1072 ) (-1056 -2176 1072 ) (-1056 -2176 368 ) 
4 275 276 (-1056 -2192 1072 ) (-1056 -2192 368 ) (-1024 -2192 368 ) (-1024 -2192 1072 ) 
4 276 285 (-1024 -3072 224 ) (-1024 -3072 1072 ) (-1056 -3072 1072 ) (-1056 -3072 224 ) 
4 276 282 (-1024 -2240 224 ) (-1024 -3072 224 ) (-1056 -3072 224 ) (-1056 -2240 224 ) 
4 276 277 (-1056 -2192 224 ) (-1056 -3072 224 ) (-1056 -3072 1072 ) (-1056 -2192 1072 ) 
4 277 286 (-2048 -2048 1072 ) (-2048 -2048 224 ) (-2048 -3072 224 ) (-2048 -3072 1072 ) 
4 277 285 (-1056 -3072 1072 ) (-2048 -3072 1072 ) (-2048 -3072 224 ) (-1056 -3072 224 ) 
4 277 281 (-1056 -2240 224 ) (-2048 -2240 224 ) (-2048 -2176 224 ) (-1120 -2176 224 ) 
4 277 282 (-1056 -2240 224 ) (-1056 -3072 224 ) (-2048 -3072 224 ) (-2048 -2240 224 ) 
3 277 279 (-1184 -2048 224 ) (-1056 -2048 224 ) (-1056 -2176 224 ) 
4 277 278 (-2048 -2048 224 ) (-1248 -2048 224 ) (-1120 -2176 224 ) (-2048 -2176 224 ) 
4 278 286 (-2048 -2048 224 ) (-2048 -2048 -80 ) (-2048 -2176 -80 ) (-2048 -2176 224 ) 
4 278 283 (-2048 -2176 -80 ) (-2048 -2048 -80 ) (-1248 -2048 -80 ) (-1120 -2176 -80 ) 
4 278 281 (-2048 -2176 -80 ) (-1120 -2176 -80 ) (-1120 -2176 224 ) (-2048 -2176 224 ) 
4 280 283 (-1184 -2048 -80 ) (-1024 -2048 -80 ) (-1024 -2176 -80 ) (-1056 -2176 -80 ) 
4 281 286 (-2048 -2176 -80 ) (-2048 -2240 -80 ) (-2048 -2240 224 ) (-2048 -2176 224 ) 
4 281 283 (-2048 -2240 -80 ) (-2048 -2176 -80 ) (-1120 -2176 -80 ) (-1056 -2240 -80 ) 
4 281 282 (-2048 -2240 -80 ) (-1056 -2240 -80 ) (-1056 -2240 224 ) (-2048 -2240 224 ) 
4 282 286 (-2048 -2240 -80 ) (-2048 -3072 -80 ) (-2048 -3072 224 ) (-2048 -2240 224 ) 
4 282 285 (-1024 -3072 -80 ) (-1024 -3072 224 ) (-2048 -3072 224 ) (-2048 -3072 -80 ) 
4 282 283 (-1024 -3072 -80 ) (-2048 -3072 -80 ) (-2048 -2240 -80 ) (-1024 -2240 -80 ) 
4 283 286 (-2048 -2048 -80 ) (-2048 -2048 -432 ) (-2048 -3072 -432 ) (-2048 -3072 -80 ) 
4 283 285 (-1024 -3072 -432 ) (-1024 -3072 -80 ) (-2048 -3072 -80 ) (-2048 -3072 -432 ) 
4 284 285 (-1024 -3072 1072 ) (-1024 -3072 -432 ) (-1024 -3648 -432 ) (-1024 -3648 1072 ) 
4 285 288 (-2048 -3648 1072 ) (-2048 -3072 1072 ) (-2048 -3072 -432 ) (-2048 -3648 -432 ) 
4 286 288 (-2048 -3072 -432 ) (-2048 -3072 1072 ) (-3072 -3072 1072 ) (-3072 -3072 -432 ) 
4 286 287 (-3072 -2048 1072 ) (-3072 -2048 -432 ) (-3072 -3072 -432 ) (-3072 -3072 1072 ) 
4 287 289 (-3072 -3072 -432 ) (-3072 -3072 1072 ) (-3144 -3072 1072 ) (-3144 -3072 -432 ) 
4 288 289 (-3072 -3072 1072 ) (-3072 -3072 -432 ) (-3072 -3648 -432 ) (-3072 -3648 1072 ) 
