


materialPath: F:\Program Files\Steam\steamapps\common\dayofinfamy\doi\materials
Loading F:\Program Files\Steam\steamapps\common\dayofinfamy\sdk_content\maps\grandCentral\doi_GrandCentral.vmf
Map revision 23
fixing up env_cubemap materials on brush sides...
0...1...2...3...4...5...6...7...8...9...100...1...2...3...4...5...6...7...8...9...10Processing areas...done (0)
Building Faces...done (0)
FixTjuncs...
PruneNodes...
WriteBSP...
done (0)
writing F:\Program Files\Steam\steamapps\common\dayofinfamy\sdk_content\maps\grandCentral\doi_GrandCentral.prt...Building visibility clusters...
done (0)
Finding displacement neighbors...
Finding lightmap sample positions...
Displacement Alpha : 0...1...2...3...4...5...6...7...8...9...10
Building Physics collision data...
done (0) (26570 bytes)
Placing detail props : 0...1...2...3...4...5...6...7...8...9...10
Compacting texture/material tables...
Reduced 159 texinfos to 120
Reduced 3 texdatas to 3 (64 bytes to 64)
Writing F:\Program Files\Steam\steamapps\common\dayofinfamy\sdk_content\maps\grandCentral\doi_GrandCentral.bsp
0 seconds elapsed



4 threads
reading f:\program files\steam\steamapps\common\dayofinfamy\sdk_content\maps\grandcentral\doi_GrandCentral.bsp
reading f:\program files\steam\steamapps\common\dayofinfamy\sdk_content\maps\grandcentral\doi_GrandCentral.prt
 290 portalclusters
 947 numportals
0...1...2...3...4...5...6...7...8...9...10Optimized: 2171 visible clusters (0.00%)
Total clusters visible: 73067
Average clusters visible: 251
Building PAS...
Average clusters audible: 290
visdatasize:23526  compressed from 23200
writing f:\program files\steam\steamapps\common\dayofinfamy\sdk_content\maps\grandcentral\doi_GrandCentral.bsp
0 seconds elapsed



[Reading texlights from 'lights.rad']
[4 texlights parsed from 'lights.rad']

Loading f:\program files\steam\steamapps\common\dayofinfamy\sdk_content\maps\grandcentral\doi_GrandCentral.bsp
837 faces
1037317 square feet [149373776.00 square inches]
0 Displacements
0 Square Feet [0.00 Square Inches]
837 patches before subdivision
22445 patches after subdivision
0 direct lights
0...1...2...3...4...5...6...7...8...9...100...1...2...3...4...5...6...7...8...9...10transfers 894313, max 329
transfer lists:   6.8 megs
0...1...2...3...4...5...6...7...8...9...10	Bounce #1 added RGB(0, 0, 0)
Build Patch/Sample Hash Table(s).....Done<0.0116 sec>
0...1...2...3...4...5...6...7...8...9...10FinalLightFace Done
0 of 0 (0% of) surface lights went in leaf ambient cubes.
0...1...2...3...4...5...6...7...8...9...10Writing leaf ambient...done
Ready to Finish

Object names       Objects/Maxobjs  Memory / Maxmem  Fullness 
------------       ---------------  ---------------  -------- 
models                   1/1024           48/49152    ( 0.1%) 
brushes                 72/8192          864/98304    ( 0.9%) 
brushsides             487/65536        3896/524288   ( 0.7%) 
planes                 456/65536        9120/1310720  ( 0.7%) 
vertexes              1008/65536       12096/786432   ( 1.5%) 
nodes                  594/65536       19008/2097152  ( 0.9%) 
texinfos               120/12288        8640/884736   ( 1.0%) 
texdata                  3/2048           96/65536    ( 0.1%) 
dispinfos                0/0               0/0        ( 0.0%) 
disp_verts               0/0               0/0        ( 0.0%) 
disp_tris                0/0               0/0        ( 0.0%) 
disp_multiblend          0/0               0/0        ( 0.0%) 
disp_lmsamples           0/0               0/0        ( 0.0%) 
faces                  837/65536       46872/3670016  ( 1.3%) 
hdr faces                0/65536           0/3670016  ( 0.0%) 
origfaces              276/65536       15456/3670016  ( 0.4%) 
facebrushes            118/0             236/0        ( 0.0%) 
facebrushlists         837/0            3348/0        ( 0.0%) 
leaves                 596/65536       19072/2097152  ( 0.9%) 
leaffaces              900/65536        1800/131072   ( 1.4%) 
leafbrushes            384/65536         768/131072   ( 0.6%) 
areas                    2/256            16/2048     ( 0.8%) 
surfedges             4865/512000      19460/2048000  ( 1.0%) 
edges                 2604/256000      10416/1024000  ( 1.0%) 
LDR worldlights          0/8192            0/819200   ( 0.0%) 
HDR worldlights          0/8192            0/819200   ( 0.0%) 
leafwaterdata            0/32768           0/393216   ( 0.0%) 
waterstrips             47/32768         470/327680   ( 0.1%) 
waterverts               0/65536           0/786432   ( 0.0%) 
waterindices           657/65536        1314/131072   ( 1.0%) 
cubemapsamples           0/1024            0/16384    ( 0.0%) 
overlays                 0/1024            0/360448   ( 0.0%) 
LDR lightdata         [variable]     1042632/0        ( 0.0%) 
HDR lightdata         [variable]           0/0        ( 0.0%) 
visdata               [variable]       23526/16777216 ( 0.1%) 
entdata               [variable]         956/393216   ( 0.2%) 
LDR ambient table      596/65536        2384/262144   ( 0.9%) 
HDR ambient table      596/65536        2384/262144   ( 0.9%) 
LDR leaf ambient       290/65536        8120/1835008  ( 0.4%) 
HDR leaf ambient       596/65536       16688/1835008  ( 0.9%) 
occluders                0/0               0/0        ( 0.0%) 
occluder polygons        0/0               0/0        ( 0.0%) 
occluder vert ind        0/0               0/0        ( 0.0%) 
detail props          [variable]           1/12       ( 8.3%) 
static props          [variable]           1/12       ( 8.3%) 
pakfile               [variable]          54/0        ( 0.0%) 
physics               [variable]       26570/4194304  ( 0.6%) 
physics terrain       [variable]           2/1048576  ( 0.0%) 

Level flags = 4

Total triangle count: 2084
Writing f:\program files\steam\steamapps\common\dayofinfamy\sdk_content\maps\grandcentral\doi_GrandCentral.bsp
5 seconds elapsed
